<html>
<head>
<title>TestNG:  Default test</title>
<link href="../testng.css" rel="stylesheet" type="text/css" />
<link href="../my-testng.css" rel="stylesheet" type="text/css" />

<style type="text/css">
.log { display: none;} 
.stack-trace { display: none;} 
</style>
<script type="text/javascript">
<!--
function flip(e) {
  current = e.style.display;
  if (current == 'block') {
    e.style.display = 'none';
    return 0;
  }
  else {
    e.style.display = 'block';
    return 1;
  }
}

function toggleBox(szDivId, elem, msg1, msg2)
{
  var res = -1;  if (document.getElementById) {
    res = flip(document.getElementById(szDivId));
  }
  else if (document.all) {
    // this is the way old msie versions work
    res = flip(document.all[szDivId]);
  }
  if(elem) {
    if(res == 0) elem.innerHTML = msg1; else elem.innerHTML = msg2;
  }

}

function toggleAllBoxes() {
  if (document.getElementsByTagName) {
    d = document.getElementsByTagName('div');
    for (i = 0; i < d.length; i++) {
      if (d[i].className == 'log') {
        flip(d[i]);
      }
    }
  }
}

// -->
</script>

</head>
<body>
<h2 align='center'>Default test</h2><table border='1' align="center">
<tr>
<td>Tests passed/Failed/Skipped:</td><td>110/7/0</td>
</tr><tr>
<td>Started on:</td><td>Sat Apr 15 23:32:31 EDT 2023</td>
</tr>
<tr><td>Total time:</td><td>249 seconds (249501 ms)</td>
</tr><tr>
<td>Included groups:</td><td></td>
</tr><tr>
<td>Excluded groups:</td><td></td>
</tr>
</table><p/>
<small><i>(Hover the method name to see the test class name)</i></small><p/>
<table width='100%' border='1' class='invocation-failed'>
<tr><td colspan='4' align='center'><b>FAILED TESTS</b></td></tr>
<tr><td><b>Test method</b></td>
<td width="30%"><b>Exception</b></td>
<td width="10%"><b>Time (seconds)</b></td>
<td><b>Instance</b></td>
</tr>
<tr>
<td title='runner1.DsAlgoRunner.runScenario()'><b>runScenario</b><br>Test class: runner1.DsAlgoRunner<br>Test method: Runs Cucumber Scenarios<br>Parameters: "user is trying to click on TryEditor for Invalid data", "Graph Module"</td>
<td><div><pre>org.openqa.selenium.ElementNotInteractableException: element not interactable
  (Session info: chrome=112.0.5615.86)
Build info: version: &apos;4.8.3&apos;, revision: &apos;e5e76298c3&apos;
System info: os.name: &apos;Windows 11&apos;, os.arch: &apos;amd64&apos;, os.version: &apos;10.0&apos;, java.version: &apos;17.0.4.1&apos;
Driver info: org.openqa.selenium.chrome.ChromeDriver
Command: [a5f5081a74723eadf51efa2ed55a7846, sendKeysToElement {id=f779e70b-ae41-42fa-82d5-8b0b5cc01a8f, value=[Ljava.lang.CharSequence;@6ac9742e}]
Capabilities {acceptInsecureCerts: false, browserName: chrome, browserVersion: 112.0.5615.86, chrome: {chromedriverVersion: 112.0.5615.49 (bd2a7bcb881c..., userDataDir: C:\Users\ramas\AppData\Loca...}, goog:chromeOptions: {debuggerAddress: localhost:58192}, networkConnectionEnabled: false, pageLoadStrategy: normal, platformName: WINDOWS, proxy: Proxy(), se:cdp: ws://localhost:58192/devtoo..., se:cdpVersion: 112.0.5615.86, setWindowRect: true, strictFileInteractability: false, timeouts: {implicit: 0, pageLoad: 300000, script: 30000}, unhandledPromptBehavior: dismiss and notify, webauthn:extension:credBlob: true, webauthn:extension:largeBlob: true, webauthn:extension:minPinLength: true, webauthn:extension:prf: true, webauthn:virtualAuthenticators: true}
Element: [[ChromeDriver: chrome on WINDOWS (a5f5081a74723eadf51efa2ed55a7846)] -&gt; xpath: //form/div/div/div/textarea]
Session ID: a5f5081a74723eadf51efa2ed55a7846
	at java.base/jdk.internal.reflect.NativeConstructorAccessorImpl.newInstance0(Native Method)
	at java.base/jdk.internal.reflect.NativeConstructorAccessorImpl.newInstance(NativeConstructorAccessorImpl.java:77)
	at java.base/jdk.internal.reflect.DelegatingConstructorAccessorImpl.newInstance(DelegatingConstructorAccessorImpl.java:45)
	at java.base/java.lang.reflect.Constructor.newInstanceWithCaller(Constructor.java:499)
	at java.base/java.lang.reflect.Constructor.newInstance(Constructor.java:480)
	at org.openqa.selenium.remote.codec.w3c.W3CHttpResponseCodec.createException(W3CHttpResponseCodec.java:200)
	at org.openqa.selenium.remote.codec.w3c.W3CHttpResponseCodec.decode(W3CHttpResponseCodec.java:133)
	at org.openqa.selenium.remote.codec.w3c.W3CHttpResponseCodec.decode(W3CHttpResponseCodec.java:53)
	at org.openqa.selenium.remote.HttpCommandExecutor.execute(HttpCommandExecutor.java:193)
	at org.openqa.selenium.remote.service.DriverCommandExecutor.invokeExecute(DriverCommandExecutor.java:183)
	at org.openqa.selenium.remote.service.DriverCommandExecutor.execute(DriverCommandExecutor.java:158)
	at org.openqa.selenium.remote.RemoteWebDriver.execute(RemoteWebDriver.java:543)
	at org.openqa.selenium.remote.RemoteWebElement.execute(RemoteWebElement.java:257)
	at org.openqa.selenium.remote.RemoteWebElement.sendKeys(RemoteWebElement.java:113)
	at jdk.internal.reflect.GeneratedMethodAccessor89.invoke(Unknown Source)
	at java.base/jdk.internal.reflect.DelegatingMethodAccessorImpl.invoke(DelegatingMethodAccessorImpl.java:43)
	at java.base/java.lang.reflect.Method.invoke(Method.java:568)
	at org.openqa.selenium.support.pagefactory.internal.LocatingElementHandler.invoke(LocatingElementHandler.java:52)
	at jdk.proxy2/jdk.proxy2.$Proxy44.sendKeys(Unknown Source)
	at com.pages.DataStructure_Page.InvalidTextBox(DataStructure_Page.java:62)
	at stepDefinition.DataStructure_Step.user_is_entering_invalid_python_code(DataStructure_Step.java:103)
	at ✽.user is entering Invalid Python code(file:///C:/Rama/new%20SRS%20work%20space/DsAlgo_Final/src/test/resources/FeatureFiles/9_Graph.feature:41)
</pre></div><a href='#' onClick='toggleBox("stack-trace556371002", this, "Click to show all stack frames", "Click to hide stack frames")'>Click to show all stack frames</a>
<div class='stack-trace' id='stack-trace556371002'><pre>org.openqa.selenium.ElementNotInteractableException: element not interactable
  (Session info: chrome=112.0.5615.86)
Build info: version: &apos;4.8.3&apos;, revision: &apos;e5e76298c3&apos;
System info: os.name: &apos;Windows 11&apos;, os.arch: &apos;amd64&apos;, os.version: &apos;10.0&apos;, java.version: &apos;17.0.4.1&apos;
Driver info: org.openqa.selenium.chrome.ChromeDriver
Command: [a5f5081a74723eadf51efa2ed55a7846, sendKeysToElement {id=f779e70b-ae41-42fa-82d5-8b0b5cc01a8f, value=[Ljava.lang.CharSequence;@6ac9742e}]
Capabilities {acceptInsecureCerts: false, browserName: chrome, browserVersion: 112.0.5615.86, chrome: {chromedriverVersion: 112.0.5615.49 (bd2a7bcb881c..., userDataDir: C:\Users\ramas\AppData\Loca...}, goog:chromeOptions: {debuggerAddress: localhost:58192}, networkConnectionEnabled: false, pageLoadStrategy: normal, platformName: WINDOWS, proxy: Proxy(), se:cdp: ws://localhost:58192/devtoo..., se:cdpVersion: 112.0.5615.86, setWindowRect: true, strictFileInteractability: false, timeouts: {implicit: 0, pageLoad: 300000, script: 30000}, unhandledPromptBehavior: dismiss and notify, webauthn:extension:credBlob: true, webauthn:extension:largeBlob: true, webauthn:extension:minPinLength: true, webauthn:extension:prf: true, webauthn:virtualAuthenticators: true}
Element: [[ChromeDriver: chrome on WINDOWS (a5f5081a74723eadf51efa2ed55a7846)] -&gt; xpath: //form/div/div/div/textarea]
Session ID: a5f5081a74723eadf51efa2ed55a7846
	at java.base/jdk.internal.reflect.NativeConstructorAccessorImpl.newInstance0(Native Method)
	at java.base/jdk.internal.reflect.NativeConstructorAccessorImpl.newInstance(NativeConstructorAccessorImpl.java:77)
	at java.base/jdk.internal.reflect.DelegatingConstructorAccessorImpl.newInstance(DelegatingConstructorAccessorImpl.java:45)
	at java.base/java.lang.reflect.Constructor.newInstanceWithCaller(Constructor.java:499)
	at java.base/java.lang.reflect.Constructor.newInstance(Constructor.java:480)
	at org.openqa.selenium.remote.codec.w3c.W3CHttpResponseCodec.createException(W3CHttpResponseCodec.java:200)
	at org.openqa.selenium.remote.codec.w3c.W3CHttpResponseCodec.decode(W3CHttpResponseCodec.java:133)
	at org.openqa.selenium.remote.codec.w3c.W3CHttpResponseCodec.decode(W3CHttpResponseCodec.java:53)
	at org.openqa.selenium.remote.HttpCommandExecutor.execute(HttpCommandExecutor.java:193)
	at org.openqa.selenium.remote.service.DriverCommandExecutor.invokeExecute(DriverCommandExecutor.java:183)
	at org.openqa.selenium.remote.service.DriverCommandExecutor.execute(DriverCommandExecutor.java:158)
	at org.openqa.selenium.remote.RemoteWebDriver.execute(RemoteWebDriver.java:543)
	at org.openqa.selenium.remote.RemoteWebElement.execute(RemoteWebElement.java:257)
	at org.openqa.selenium.remote.RemoteWebElement.sendKeys(RemoteWebElement.java:113)
	at jdk.internal.reflect.GeneratedMethodAccessor89.invoke(Unknown Source)
	at java.base/jdk.internal.reflect.DelegatingMethodAccessorImpl.invoke(DelegatingMethodAccessorImpl.java:43)
	at java.base/java.lang.reflect.Method.invoke(Method.java:568)
	at org.openqa.selenium.support.pagefactory.internal.LocatingElementHandler.invoke(LocatingElementHandler.java:52)
	at jdk.proxy2/jdk.proxy2.$Proxy44.sendKeys(Unknown Source)
	at com.pages.DataStructure_Page.InvalidTextBox(DataStructure_Page.java:62)
	at stepDefinition.DataStructure_Step.user_is_entering_invalid_python_code(DataStructure_Step.java:103)
	at ✽.user is entering Invalid Python code(file:///C:/Rama/new%20SRS%20work%20space/DsAlgo_Final/src/test/resources/FeatureFiles/9_Graph.feature:41)
</pre></div></td>
<td>11</td>
<td>runner1.DsAlgoRunner@3ed242a4</td></tr>
<tr>
<td title='runner1.DsAlgoRunner.runScenario()'><b>runScenario</b><br>Test class: runner1.DsAlgoRunner<br>Test method: Runs Cucumber Scenarios<br>Parameters: "User clicks on Graphs representation", "Graph Module"</td>
<td><div><pre>org.openqa.selenium.NoSuchElementException: no such element: Unable to locate element: {&quot;method&quot;:&quot;xpath&quot;,&quot;selector&quot;:&quot;//a[@href=&apos;/graph/graph-representations/&apos;]&quot;}
  (Session info: chrome=112.0.5615.86)
For documentation on this error, please visit: https://selenium.dev/exceptions/#no_such_element
Build info: version: &apos;4.8.3&apos;, revision: &apos;e5e76298c3&apos;
System info: os.name: &apos;Windows 11&apos;, os.arch: &apos;amd64&apos;, os.version: &apos;10.0&apos;, java.version: &apos;17.0.4.1&apos;
Driver info: org.openqa.selenium.chrome.ChromeDriver
Command: [a5f5081a74723eadf51efa2ed55a7846, findElement {using=xpath, value=//a[@href=&apos;/graph/graph-representations/&apos;]}]
Capabilities {acceptInsecureCerts: false, browserName: chrome, browserVersion: 112.0.5615.86, chrome: {chromedriverVersion: 112.0.5615.49 (bd2a7bcb881c..., userDataDir: C:\Users\ramas\AppData\Loca...}, goog:chromeOptions: {debuggerAddress: localhost:58192}, networkConnectionEnabled: false, pageLoadStrategy: normal, platformName: WINDOWS, proxy: Proxy(), se:cdp: ws://localhost:58192/devtoo..., se:cdpVersion: 112.0.5615.86, setWindowRect: true, strictFileInteractability: false, timeouts: {implicit: 0, pageLoad: 300000, script: 30000}, unhandledPromptBehavior: dismiss and notify, webauthn:extension:credBlob: true, webauthn:extension:largeBlob: true, webauthn:extension:minPinLength: true, webauthn:extension:prf: true, webauthn:virtualAuthenticators: true}
Session ID: a5f5081a74723eadf51efa2ed55a7846
	at java.base/jdk.internal.reflect.NativeConstructorAccessorImpl.newInstance0(Native Method)
	at java.base/jdk.internal.reflect.NativeConstructorAccessorImpl.newInstance(NativeConstructorAccessorImpl.java:77)
	at java.base/jdk.internal.reflect.DelegatingConstructorAccessorImpl.newInstance(DelegatingConstructorAccessorImpl.java:45)
	at java.base/java.lang.reflect.Constructor.newInstanceWithCaller(Constructor.java:499)
	at java.base/java.lang.reflect.Constructor.newInstance(Constructor.java:480)
	at org.openqa.selenium.remote.codec.w3c.W3CHttpResponseCodec.createException(W3CHttpResponseCodec.java:200)
	at org.openqa.selenium.remote.codec.w3c.W3CHttpResponseCodec.decode(W3CHttpResponseCodec.java:133)
	at org.openqa.selenium.remote.codec.w3c.W3CHttpResponseCodec.decode(W3CHttpResponseCodec.java:53)
	at org.openqa.selenium.remote.HttpCommandExecutor.execute(HttpCommandExecutor.java:193)
	at org.openqa.selenium.remote.service.DriverCommandExecutor.invokeExecute(DriverCommandExecutor.java:183)
	at org.openqa.selenium.remote.service.DriverCommandExecutor.execute(DriverCommandExecutor.java:158)
	at org.openqa.selenium.remote.RemoteWebDriver.execute(RemoteWebDriver.java:543)
	at org.openqa.selenium.remote.ElementLocation$ElementFinder$2.findElement(ElementLocation.java:162)
	at org.openqa.selenium.remote.ElementLocation.findElement(ElementLocation.java:60)
	at org.openqa.selenium.remote.RemoteWebDriver.findElement(RemoteWebDriver.java:352)
	at org.openqa.selenium.remote.RemoteWebDriver.findElement(RemoteWebDriver.java:344)
	at org.openqa.selenium.support.pagefactory.DefaultElementLocator.findElement(DefaultElementLocator.java:70)
	at org.openqa.selenium.support.pagefactory.internal.LocatingElementHandler.invoke(LocatingElementHandler.java:39)
	at jdk.proxy2/jdk.proxy2.$Proxy44.click(Unknown Source)
	at com.pages.Graph_Page.representations(Graph_Page.java:27)
	at stepDefinition.Graph_Step.user_clicks_on_representation_in_graph_button(Graph_Step.java:42)
	at ✽.User clicks on representation in graph button(file:///C:/Rama/new%20SRS%20work%20space/DsAlgo_Final/src/test/resources/FeatureFiles/9_Graph.feature:49)
</pre></div><a href='#' onClick='toggleBox("stack-trace348801869", this, "Click to show all stack frames", "Click to hide stack frames")'>Click to show all stack frames</a>
<div class='stack-trace' id='stack-trace348801869'><pre>org.openqa.selenium.NoSuchElementException: no such element: Unable to locate element: {&quot;method&quot;:&quot;xpath&quot;,&quot;selector&quot;:&quot;//a[@href=&apos;/graph/graph-representations/&apos;]&quot;}
  (Session info: chrome=112.0.5615.86)
For documentation on this error, please visit: https://selenium.dev/exceptions/#no_such_element
Build info: version: &apos;4.8.3&apos;, revision: &apos;e5e76298c3&apos;
System info: os.name: &apos;Windows 11&apos;, os.arch: &apos;amd64&apos;, os.version: &apos;10.0&apos;, java.version: &apos;17.0.4.1&apos;
Driver info: org.openqa.selenium.chrome.ChromeDriver
Command: [a5f5081a74723eadf51efa2ed55a7846, findElement {using=xpath, value=//a[@href=&apos;/graph/graph-representations/&apos;]}]
Capabilities {acceptInsecureCerts: false, browserName: chrome, browserVersion: 112.0.5615.86, chrome: {chromedriverVersion: 112.0.5615.49 (bd2a7bcb881c..., userDataDir: C:\Users\ramas\AppData\Loca...}, goog:chromeOptions: {debuggerAddress: localhost:58192}, networkConnectionEnabled: false, pageLoadStrategy: normal, platformName: WINDOWS, proxy: Proxy(), se:cdp: ws://localhost:58192/devtoo..., se:cdpVersion: 112.0.5615.86, setWindowRect: true, strictFileInteractability: false, timeouts: {implicit: 0, pageLoad: 300000, script: 30000}, unhandledPromptBehavior: dismiss and notify, webauthn:extension:credBlob: true, webauthn:extension:largeBlob: true, webauthn:extension:minPinLength: true, webauthn:extension:prf: true, webauthn:virtualAuthenticators: true}
Session ID: a5f5081a74723eadf51efa2ed55a7846
	at java.base/jdk.internal.reflect.NativeConstructorAccessorImpl.newInstance0(Native Method)
	at java.base/jdk.internal.reflect.NativeConstructorAccessorImpl.newInstance(NativeConstructorAccessorImpl.java:77)
	at java.base/jdk.internal.reflect.DelegatingConstructorAccessorImpl.newInstance(DelegatingConstructorAccessorImpl.java:45)
	at java.base/java.lang.reflect.Constructor.newInstanceWithCaller(Constructor.java:499)
	at java.base/java.lang.reflect.Constructor.newInstance(Constructor.java:480)
	at org.openqa.selenium.remote.codec.w3c.W3CHttpResponseCodec.createException(W3CHttpResponseCodec.java:200)
	at org.openqa.selenium.remote.codec.w3c.W3CHttpResponseCodec.decode(W3CHttpResponseCodec.java:133)
	at org.openqa.selenium.remote.codec.w3c.W3CHttpResponseCodec.decode(W3CHttpResponseCodec.java:53)
	at org.openqa.selenium.remote.HttpCommandExecutor.execute(HttpCommandExecutor.java:193)
	at org.openqa.selenium.remote.service.DriverCommandExecutor.invokeExecute(DriverCommandExecutor.java:183)
	at org.openqa.selenium.remote.service.DriverCommandExecutor.execute(DriverCommandExecutor.java:158)
	at org.openqa.selenium.remote.RemoteWebDriver.execute(RemoteWebDriver.java:543)
	at org.openqa.selenium.remote.ElementLocation$ElementFinder$2.findElement(ElementLocation.java:162)
	at org.openqa.selenium.remote.ElementLocation.findElement(ElementLocation.java:60)
	at org.openqa.selenium.remote.RemoteWebDriver.findElement(RemoteWebDriver.java:352)
	at org.openqa.selenium.remote.RemoteWebDriver.findElement(RemoteWebDriver.java:344)
	at org.openqa.selenium.support.pagefactory.DefaultElementLocator.findElement(DefaultElementLocator.java:70)
	at org.openqa.selenium.support.pagefactory.internal.LocatingElementHandler.invoke(LocatingElementHandler.java:39)
	at jdk.proxy2/jdk.proxy2.$Proxy44.click(Unknown Source)
	at com.pages.Graph_Page.representations(Graph_Page.java:27)
	at stepDefinition.Graph_Step.user_clicks_on_representation_in_graph_button(Graph_Step.java:42)
	at ✽.User clicks on representation in graph button(file:///C:/Rama/new%20SRS%20work%20space/DsAlgo_Final/src/test/resources/FeatureFiles/9_Graph.feature:49)
</pre></div></td>
<td>10</td>
<td>runner1.DsAlgoRunner@3ed242a4</td></tr>
<tr>
<td title='runner1.DsAlgoRunner.runScenario()'><b>runScenario</b><br>Test class: runner1.DsAlgoRunner<br>Test method: Runs Cucumber Scenarios<br>Parameters: "user is trying to click TryHere button", "Tree Module"</td>
<td><div><pre>org.openqa.selenium.NoSuchElementException: no such element: Unable to locate element: {&quot;method&quot;:&quot;xpath&quot;,&quot;selector&quot;:&quot;//a[@href=&apos;/tryEditor&apos;]&quot;}
  (Session info: chrome=112.0.5615.86)
For documentation on this error, please visit: https://selenium.dev/exceptions/#no_such_element
Build info: version: &apos;4.8.3&apos;, revision: &apos;e5e76298c3&apos;
System info: os.name: &apos;Windows 11&apos;, os.arch: &apos;amd64&apos;, os.version: &apos;10.0&apos;, java.version: &apos;17.0.4.1&apos;
Driver info: org.openqa.selenium.chrome.ChromeDriver
Command: [a5f5081a74723eadf51efa2ed55a7846, findElement {using=xpath, value=//a[@href=&apos;/tryEditor&apos;]}]
Capabilities {acceptInsecureCerts: false, browserName: chrome, browserVersion: 112.0.5615.86, chrome: {chromedriverVersion: 112.0.5615.49 (bd2a7bcb881c..., userDataDir: C:\Users\ramas\AppData\Loca...}, goog:chromeOptions: {debuggerAddress: localhost:58192}, networkConnectionEnabled: false, pageLoadStrategy: normal, platformName: WINDOWS, proxy: Proxy(), se:cdp: ws://localhost:58192/devtoo..., se:cdpVersion: 112.0.5615.86, setWindowRect: true, strictFileInteractability: false, timeouts: {implicit: 0, pageLoad: 300000, script: 30000}, unhandledPromptBehavior: dismiss and notify, webauthn:extension:credBlob: true, webauthn:extension:largeBlob: true, webauthn:extension:minPinLength: true, webauthn:extension:prf: true, webauthn:virtualAuthenticators: true}
Session ID: a5f5081a74723eadf51efa2ed55a7846
	at java.base/jdk.internal.reflect.NativeConstructorAccessorImpl.newInstance0(Native Method)
	at java.base/jdk.internal.reflect.NativeConstructorAccessorImpl.newInstance(NativeConstructorAccessorImpl.java:77)
	at java.base/jdk.internal.reflect.DelegatingConstructorAccessorImpl.newInstance(DelegatingConstructorAccessorImpl.java:45)
	at java.base/java.lang.reflect.Constructor.newInstanceWithCaller(Constructor.java:499)
	at java.base/java.lang.reflect.Constructor.newInstance(Constructor.java:480)
	at org.openqa.selenium.remote.codec.w3c.W3CHttpResponseCodec.createException(W3CHttpResponseCodec.java:200)
	at org.openqa.selenium.remote.codec.w3c.W3CHttpResponseCodec.decode(W3CHttpResponseCodec.java:133)
	at org.openqa.selenium.remote.codec.w3c.W3CHttpResponseCodec.decode(W3CHttpResponseCodec.java:53)
	at org.openqa.selenium.remote.HttpCommandExecutor.execute(HttpCommandExecutor.java:193)
	at org.openqa.selenium.remote.service.DriverCommandExecutor.invokeExecute(DriverCommandExecutor.java:183)
	at org.openqa.selenium.remote.service.DriverCommandExecutor.execute(DriverCommandExecutor.java:158)
	at org.openqa.selenium.remote.RemoteWebDriver.execute(RemoteWebDriver.java:543)
	at org.openqa.selenium.remote.ElementLocation$ElementFinder$2.findElement(ElementLocation.java:162)
	at org.openqa.selenium.remote.ElementLocation.findElement(ElementLocation.java:60)
	at org.openqa.selenium.remote.RemoteWebDriver.findElement(RemoteWebDriver.java:352)
	at org.openqa.selenium.remote.RemoteWebDriver.findElement(RemoteWebDriver.java:344)
	at org.openqa.selenium.support.pagefactory.DefaultElementLocator.findElement(DefaultElementLocator.java:70)
	at org.openqa.selenium.support.pagefactory.internal.LocatingElementHandler.invoke(LocatingElementHandler.java:39)
	at jdk.proxy2/jdk.proxy2.$Proxy44.click(Unknown Source)
	at com.pages.DataStructure_Page.DSTryHere(DataStructure_Page.java:54)
	at stepDefinition.DataStructure_Step.user_clicks_on_try_here_button(DataStructure_Step.java:67)
	at ✽.user clicks on TryHere button(file:///C:/Rama/new%20SRS%20work%20space/DsAlgo_Final/src/test/resources/FeatureFiles/8_Tree.feature:282)
</pre></div><a href='#' onClick='toggleBox("stack-trace816360528", this, "Click to show all stack frames", "Click to hide stack frames")'>Click to show all stack frames</a>
<div class='stack-trace' id='stack-trace816360528'><pre>org.openqa.selenium.NoSuchElementException: no such element: Unable to locate element: {&quot;method&quot;:&quot;xpath&quot;,&quot;selector&quot;:&quot;//a[@href=&apos;/tryEditor&apos;]&quot;}
  (Session info: chrome=112.0.5615.86)
For documentation on this error, please visit: https://selenium.dev/exceptions/#no_such_element
Build info: version: &apos;4.8.3&apos;, revision: &apos;e5e76298c3&apos;
System info: os.name: &apos;Windows 11&apos;, os.arch: &apos;amd64&apos;, os.version: &apos;10.0&apos;, java.version: &apos;17.0.4.1&apos;
Driver info: org.openqa.selenium.chrome.ChromeDriver
Command: [a5f5081a74723eadf51efa2ed55a7846, findElement {using=xpath, value=//a[@href=&apos;/tryEditor&apos;]}]
Capabilities {acceptInsecureCerts: false, browserName: chrome, browserVersion: 112.0.5615.86, chrome: {chromedriverVersion: 112.0.5615.49 (bd2a7bcb881c..., userDataDir: C:\Users\ramas\AppData\Loca...}, goog:chromeOptions: {debuggerAddress: localhost:58192}, networkConnectionEnabled: false, pageLoadStrategy: normal, platformName: WINDOWS, proxy: Proxy(), se:cdp: ws://localhost:58192/devtoo..., se:cdpVersion: 112.0.5615.86, setWindowRect: true, strictFileInteractability: false, timeouts: {implicit: 0, pageLoad: 300000, script: 30000}, unhandledPromptBehavior: dismiss and notify, webauthn:extension:credBlob: true, webauthn:extension:largeBlob: true, webauthn:extension:minPinLength: true, webauthn:extension:prf: true, webauthn:virtualAuthenticators: true}
Session ID: a5f5081a74723eadf51efa2ed55a7846
	at java.base/jdk.internal.reflect.NativeConstructorAccessorImpl.newInstance0(Native Method)
	at java.base/jdk.internal.reflect.NativeConstructorAccessorImpl.newInstance(NativeConstructorAccessorImpl.java:77)
	at java.base/jdk.internal.reflect.DelegatingConstructorAccessorImpl.newInstance(DelegatingConstructorAccessorImpl.java:45)
	at java.base/java.lang.reflect.Constructor.newInstanceWithCaller(Constructor.java:499)
	at java.base/java.lang.reflect.Constructor.newInstance(Constructor.java:480)
	at org.openqa.selenium.remote.codec.w3c.W3CHttpResponseCodec.createException(W3CHttpResponseCodec.java:200)
	at org.openqa.selenium.remote.codec.w3c.W3CHttpResponseCodec.decode(W3CHttpResponseCodec.java:133)
	at org.openqa.selenium.remote.codec.w3c.W3CHttpResponseCodec.decode(W3CHttpResponseCodec.java:53)
	at org.openqa.selenium.remote.HttpCommandExecutor.execute(HttpCommandExecutor.java:193)
	at org.openqa.selenium.remote.service.DriverCommandExecutor.invokeExecute(DriverCommandExecutor.java:183)
	at org.openqa.selenium.remote.service.DriverCommandExecutor.execute(DriverCommandExecutor.java:158)
	at org.openqa.selenium.remote.RemoteWebDriver.execute(RemoteWebDriver.java:543)
	at org.openqa.selenium.remote.ElementLocation$ElementFinder$2.findElement(ElementLocation.java:162)
	at org.openqa.selenium.remote.ElementLocation.findElement(ElementLocation.java:60)
	at org.openqa.selenium.remote.RemoteWebDriver.findElement(RemoteWebDriver.java:352)
	at org.openqa.selenium.remote.RemoteWebDriver.findElement(RemoteWebDriver.java:344)
	at org.openqa.selenium.support.pagefactory.DefaultElementLocator.findElement(DefaultElementLocator.java:70)
	at org.openqa.selenium.support.pagefactory.internal.LocatingElementHandler.invoke(LocatingElementHandler.java:39)
	at jdk.proxy2/jdk.proxy2.$Proxy44.click(Unknown Source)
	at com.pages.DataStructure_Page.DSTryHere(DataStructure_Page.java:54)
	at stepDefinition.DataStructure_Step.user_clicks_on_try_here_button(DataStructure_Step.java:67)
	at ✽.user clicks on TryHere button(file:///C:/Rama/new%20SRS%20work%20space/DsAlgo_Final/src/test/resources/FeatureFiles/8_Tree.feature:282)
</pre></div></td>
<td>10</td>
<td>runner1.DsAlgoRunner@3ed242a4</td></tr>
<tr>
<td title='runner1.DsAlgoRunner.runScenario()'><b>runScenario</b><br>Test class: runner1.DsAlgoRunner<br>Test method: Runs Cucumber Scenarios<br>Parameters: "User Clicks TryHere", "Graph Module"</td>
<td><div><pre>org.openqa.selenium.NoSuchElementException: no such element: Unable to locate element: {&quot;method&quot;:&quot;xpath&quot;,&quot;selector&quot;:&quot;//a[@href=&apos;/tryEditor&apos;]&quot;}
  (Session info: chrome=112.0.5615.86)
For documentation on this error, please visit: https://selenium.dev/exceptions/#no_such_element
Build info: version: &apos;4.8.3&apos;, revision: &apos;e5e76298c3&apos;
System info: os.name: &apos;Windows 11&apos;, os.arch: &apos;amd64&apos;, os.version: &apos;10.0&apos;, java.version: &apos;17.0.4.1&apos;
Driver info: org.openqa.selenium.chrome.ChromeDriver
Command: [a5f5081a74723eadf51efa2ed55a7846, findElement {using=xpath, value=//a[@href=&apos;/tryEditor&apos;]}]
Capabilities {acceptInsecureCerts: false, browserName: chrome, browserVersion: 112.0.5615.86, chrome: {chromedriverVersion: 112.0.5615.49 (bd2a7bcb881c..., userDataDir: C:\Users\ramas\AppData\Loca...}, goog:chromeOptions: {debuggerAddress: localhost:58192}, networkConnectionEnabled: false, pageLoadStrategy: normal, platformName: WINDOWS, proxy: Proxy(), se:cdp: ws://localhost:58192/devtoo..., se:cdpVersion: 112.0.5615.86, setWindowRect: true, strictFileInteractability: false, timeouts: {implicit: 0, pageLoad: 300000, script: 30000}, unhandledPromptBehavior: dismiss and notify, webauthn:extension:credBlob: true, webauthn:extension:largeBlob: true, webauthn:extension:minPinLength: true, webauthn:extension:prf: true, webauthn:virtualAuthenticators: true}
Session ID: a5f5081a74723eadf51efa2ed55a7846
	at java.base/jdk.internal.reflect.NativeConstructorAccessorImpl.newInstance0(Native Method)
	at java.base/jdk.internal.reflect.NativeConstructorAccessorImpl.newInstance(NativeConstructorAccessorImpl.java:77)
	at java.base/jdk.internal.reflect.DelegatingConstructorAccessorImpl.newInstance(DelegatingConstructorAccessorImpl.java:45)
	at java.base/java.lang.reflect.Constructor.newInstanceWithCaller(Constructor.java:499)
	at java.base/java.lang.reflect.Constructor.newInstance(Constructor.java:480)
	at org.openqa.selenium.remote.codec.w3c.W3CHttpResponseCodec.createException(W3CHttpResponseCodec.java:200)
	at org.openqa.selenium.remote.codec.w3c.W3CHttpResponseCodec.decode(W3CHttpResponseCodec.java:133)
	at org.openqa.selenium.remote.codec.w3c.W3CHttpResponseCodec.decode(W3CHttpResponseCodec.java:53)
	at org.openqa.selenium.remote.HttpCommandExecutor.execute(HttpCommandExecutor.java:193)
	at org.openqa.selenium.remote.service.DriverCommandExecutor.invokeExecute(DriverCommandExecutor.java:183)
	at org.openqa.selenium.remote.service.DriverCommandExecutor.execute(DriverCommandExecutor.java:158)
	at org.openqa.selenium.remote.RemoteWebDriver.execute(RemoteWebDriver.java:543)
	at org.openqa.selenium.remote.ElementLocation$ElementFinder$2.findElement(ElementLocation.java:162)
	at org.openqa.selenium.remote.ElementLocation.findElement(ElementLocation.java:60)
	at org.openqa.selenium.remote.RemoteWebDriver.findElement(RemoteWebDriver.java:352)
	at org.openqa.selenium.remote.RemoteWebDriver.findElement(RemoteWebDriver.java:344)
	at org.openqa.selenium.support.pagefactory.DefaultElementLocator.findElement(DefaultElementLocator.java:70)
	at org.openqa.selenium.support.pagefactory.internal.LocatingElementHandler.invoke(LocatingElementHandler.java:39)
	at jdk.proxy2/jdk.proxy2.$Proxy44.click(Unknown Source)
	at com.pages.DataStructure_Page.DSTryHere(DataStructure_Page.java:54)
	at stepDefinition.DataStructure_Step.user_clicks_on_try_here_button(DataStructure_Step.java:67)
	at ✽.user clicks on TryHere button(file:///C:/Rama/new%20SRS%20work%20space/DsAlgo_Final/src/test/resources/FeatureFiles/9_Graph.feature:54)
</pre></div><a href='#' onClick='toggleBox("stack-trace1851333635", this, "Click to show all stack frames", "Click to hide stack frames")'>Click to show all stack frames</a>
<div class='stack-trace' id='stack-trace1851333635'><pre>org.openqa.selenium.NoSuchElementException: no such element: Unable to locate element: {&quot;method&quot;:&quot;xpath&quot;,&quot;selector&quot;:&quot;//a[@href=&apos;/tryEditor&apos;]&quot;}
  (Session info: chrome=112.0.5615.86)
For documentation on this error, please visit: https://selenium.dev/exceptions/#no_such_element
Build info: version: &apos;4.8.3&apos;, revision: &apos;e5e76298c3&apos;
System info: os.name: &apos;Windows 11&apos;, os.arch: &apos;amd64&apos;, os.version: &apos;10.0&apos;, java.version: &apos;17.0.4.1&apos;
Driver info: org.openqa.selenium.chrome.ChromeDriver
Command: [a5f5081a74723eadf51efa2ed55a7846, findElement {using=xpath, value=//a[@href=&apos;/tryEditor&apos;]}]
Capabilities {acceptInsecureCerts: false, browserName: chrome, browserVersion: 112.0.5615.86, chrome: {chromedriverVersion: 112.0.5615.49 (bd2a7bcb881c..., userDataDir: C:\Users\ramas\AppData\Loca...}, goog:chromeOptions: {debuggerAddress: localhost:58192}, networkConnectionEnabled: false, pageLoadStrategy: normal, platformName: WINDOWS, proxy: Proxy(), se:cdp: ws://localhost:58192/devtoo..., se:cdpVersion: 112.0.5615.86, setWindowRect: true, strictFileInteractability: false, timeouts: {implicit: 0, pageLoad: 300000, script: 30000}, unhandledPromptBehavior: dismiss and notify, webauthn:extension:credBlob: true, webauthn:extension:largeBlob: true, webauthn:extension:minPinLength: true, webauthn:extension:prf: true, webauthn:virtualAuthenticators: true}
Session ID: a5f5081a74723eadf51efa2ed55a7846
	at java.base/jdk.internal.reflect.NativeConstructorAccessorImpl.newInstance0(Native Method)
	at java.base/jdk.internal.reflect.NativeConstructorAccessorImpl.newInstance(NativeConstructorAccessorImpl.java:77)
	at java.base/jdk.internal.reflect.DelegatingConstructorAccessorImpl.newInstance(DelegatingConstructorAccessorImpl.java:45)
	at java.base/java.lang.reflect.Constructor.newInstanceWithCaller(Constructor.java:499)
	at java.base/java.lang.reflect.Constructor.newInstance(Constructor.java:480)
	at org.openqa.selenium.remote.codec.w3c.W3CHttpResponseCodec.createException(W3CHttpResponseCodec.java:200)
	at org.openqa.selenium.remote.codec.w3c.W3CHttpResponseCodec.decode(W3CHttpResponseCodec.java:133)
	at org.openqa.selenium.remote.codec.w3c.W3CHttpResponseCodec.decode(W3CHttpResponseCodec.java:53)
	at org.openqa.selenium.remote.HttpCommandExecutor.execute(HttpCommandExecutor.java:193)
	at org.openqa.selenium.remote.service.DriverCommandExecutor.invokeExecute(DriverCommandExecutor.java:183)
	at org.openqa.selenium.remote.service.DriverCommandExecutor.execute(DriverCommandExecutor.java:158)
	at org.openqa.selenium.remote.RemoteWebDriver.execute(RemoteWebDriver.java:543)
	at org.openqa.selenium.remote.ElementLocation$ElementFinder$2.findElement(ElementLocation.java:162)
	at org.openqa.selenium.remote.ElementLocation.findElement(ElementLocation.java:60)
	at org.openqa.selenium.remote.RemoteWebDriver.findElement(RemoteWebDriver.java:352)
	at org.openqa.selenium.remote.RemoteWebDriver.findElement(RemoteWebDriver.java:344)
	at org.openqa.selenium.support.pagefactory.DefaultElementLocator.findElement(DefaultElementLocator.java:70)
	at org.openqa.selenium.support.pagefactory.internal.LocatingElementHandler.invoke(LocatingElementHandler.java:39)
	at jdk.proxy2/jdk.proxy2.$Proxy44.click(Unknown Source)
	at com.pages.DataStructure_Page.DSTryHere(DataStructure_Page.java:54)
	at stepDefinition.DataStructure_Step.user_clicks_on_try_here_button(DataStructure_Step.java:67)
	at ✽.user clicks on TryHere button(file:///C:/Rama/new%20SRS%20work%20space/DsAlgo_Final/src/test/resources/FeatureFiles/9_Graph.feature:54)
</pre></div></td>
<td>10</td>
<td>runner1.DsAlgoRunner@3ed242a4</td></tr>
<tr>
<td title='runner1.DsAlgoRunner.runScenario()'><b>runScenario</b><br>Test class: runner1.DsAlgoRunner<br>Test method: Runs Cucumber Scenarios<br>Parameters: "user is trying to click on TryEditor for Invalid data", "Tree Module"</td>
<td><div><pre>org.openqa.selenium.ElementNotInteractableException: element not interactable
  (Session info: chrome=112.0.5615.86)
Build info: version: &apos;4.8.3&apos;, revision: &apos;e5e76298c3&apos;
System info: os.name: &apos;Windows 11&apos;, os.arch: &apos;amd64&apos;, os.version: &apos;10.0&apos;, java.version: &apos;17.0.4.1&apos;
Driver info: org.openqa.selenium.chrome.ChromeDriver
Command: [a5f5081a74723eadf51efa2ed55a7846, sendKeysToElement {id=411659c2-cf87-479a-8561-2475404756fe, value=[Ljava.lang.CharSequence;@7aac6d13}]
Capabilities {acceptInsecureCerts: false, browserName: chrome, browserVersion: 112.0.5615.86, chrome: {chromedriverVersion: 112.0.5615.49 (bd2a7bcb881c..., userDataDir: C:\Users\ramas\AppData\Loca...}, goog:chromeOptions: {debuggerAddress: localhost:58192}, networkConnectionEnabled: false, pageLoadStrategy: normal, platformName: WINDOWS, proxy: Proxy(), se:cdp: ws://localhost:58192/devtoo..., se:cdpVersion: 112.0.5615.86, setWindowRect: true, strictFileInteractability: false, timeouts: {implicit: 0, pageLoad: 300000, script: 30000}, unhandledPromptBehavior: dismiss and notify, webauthn:extension:credBlob: true, webauthn:extension:largeBlob: true, webauthn:extension:minPinLength: true, webauthn:extension:prf: true, webauthn:virtualAuthenticators: true}
Element: [[ChromeDriver: chrome on WINDOWS (a5f5081a74723eadf51efa2ed55a7846)] -&gt; xpath: //form/div/div/div/textarea]
Session ID: a5f5081a74723eadf51efa2ed55a7846
	at java.base/jdk.internal.reflect.NativeConstructorAccessorImpl.newInstance0(Native Method)
	at java.base/jdk.internal.reflect.NativeConstructorAccessorImpl.newInstance(NativeConstructorAccessorImpl.java:77)
	at java.base/jdk.internal.reflect.DelegatingConstructorAccessorImpl.newInstance(DelegatingConstructorAccessorImpl.java:45)
	at java.base/java.lang.reflect.Constructor.newInstanceWithCaller(Constructor.java:499)
	at java.base/java.lang.reflect.Constructor.newInstance(Constructor.java:480)
	at org.openqa.selenium.remote.codec.w3c.W3CHttpResponseCodec.createException(W3CHttpResponseCodec.java:200)
	at org.openqa.selenium.remote.codec.w3c.W3CHttpResponseCodec.decode(W3CHttpResponseCodec.java:133)
	at org.openqa.selenium.remote.codec.w3c.W3CHttpResponseCodec.decode(W3CHttpResponseCodec.java:53)
	at org.openqa.selenium.remote.HttpCommandExecutor.execute(HttpCommandExecutor.java:193)
	at org.openqa.selenium.remote.service.DriverCommandExecutor.invokeExecute(DriverCommandExecutor.java:183)
	at org.openqa.selenium.remote.service.DriverCommandExecutor.execute(DriverCommandExecutor.java:158)
	at org.openqa.selenium.remote.RemoteWebDriver.execute(RemoteWebDriver.java:543)
	at org.openqa.selenium.remote.RemoteWebElement.execute(RemoteWebElement.java:257)
	at org.openqa.selenium.remote.RemoteWebElement.sendKeys(RemoteWebElement.java:113)
	at jdk.internal.reflect.GeneratedMethodAccessor89.invoke(Unknown Source)
	at java.base/jdk.internal.reflect.DelegatingMethodAccessorImpl.invoke(DelegatingMethodAccessorImpl.java:43)
	at java.base/java.lang.reflect.Method.invoke(Method.java:568)
	at org.openqa.selenium.support.pagefactory.internal.LocatingElementHandler.invoke(LocatingElementHandler.java:52)
	at jdk.proxy2/jdk.proxy2.$Proxy44.sendKeys(Unknown Source)
	at com.pages.DataStructure_Page.InvalidTextBox(DataStructure_Page.java:62)
	at stepDefinition.DataStructure_Step.user_is_entering_invalid_python_code(DataStructure_Step.java:103)
	at ✽.user is entering Invalid Python code(file:///C:/Rama/new%20SRS%20work%20space/DsAlgo_Final/src/test/resources/FeatureFiles/8_Tree.feature:266)
</pre></div><a href='#' onClick='toggleBox("stack-trace754376013", this, "Click to show all stack frames", "Click to hide stack frames")'>Click to show all stack frames</a>
<div class='stack-trace' id='stack-trace754376013'><pre>org.openqa.selenium.ElementNotInteractableException: element not interactable
  (Session info: chrome=112.0.5615.86)
Build info: version: &apos;4.8.3&apos;, revision: &apos;e5e76298c3&apos;
System info: os.name: &apos;Windows 11&apos;, os.arch: &apos;amd64&apos;, os.version: &apos;10.0&apos;, java.version: &apos;17.0.4.1&apos;
Driver info: org.openqa.selenium.chrome.ChromeDriver
Command: [a5f5081a74723eadf51efa2ed55a7846, sendKeysToElement {id=411659c2-cf87-479a-8561-2475404756fe, value=[Ljava.lang.CharSequence;@7aac6d13}]
Capabilities {acceptInsecureCerts: false, browserName: chrome, browserVersion: 112.0.5615.86, chrome: {chromedriverVersion: 112.0.5615.49 (bd2a7bcb881c..., userDataDir: C:\Users\ramas\AppData\Loca...}, goog:chromeOptions: {debuggerAddress: localhost:58192}, networkConnectionEnabled: false, pageLoadStrategy: normal, platformName: WINDOWS, proxy: Proxy(), se:cdp: ws://localhost:58192/devtoo..., se:cdpVersion: 112.0.5615.86, setWindowRect: true, strictFileInteractability: false, timeouts: {implicit: 0, pageLoad: 300000, script: 30000}, unhandledPromptBehavior: dismiss and notify, webauthn:extension:credBlob: true, webauthn:extension:largeBlob: true, webauthn:extension:minPinLength: true, webauthn:extension:prf: true, webauthn:virtualAuthenticators: true}
Element: [[ChromeDriver: chrome on WINDOWS (a5f5081a74723eadf51efa2ed55a7846)] -&gt; xpath: //form/div/div/div/textarea]
Session ID: a5f5081a74723eadf51efa2ed55a7846
	at java.base/jdk.internal.reflect.NativeConstructorAccessorImpl.newInstance0(Native Method)
	at java.base/jdk.internal.reflect.NativeConstructorAccessorImpl.newInstance(NativeConstructorAccessorImpl.java:77)
	at java.base/jdk.internal.reflect.DelegatingConstructorAccessorImpl.newInstance(DelegatingConstructorAccessorImpl.java:45)
	at java.base/java.lang.reflect.Constructor.newInstanceWithCaller(Constructor.java:499)
	at java.base/java.lang.reflect.Constructor.newInstance(Constructor.java:480)
	at org.openqa.selenium.remote.codec.w3c.W3CHttpResponseCodec.createException(W3CHttpResponseCodec.java:200)
	at org.openqa.selenium.remote.codec.w3c.W3CHttpResponseCodec.decode(W3CHttpResponseCodec.java:133)
	at org.openqa.selenium.remote.codec.w3c.W3CHttpResponseCodec.decode(W3CHttpResponseCodec.java:53)
	at org.openqa.selenium.remote.HttpCommandExecutor.execute(HttpCommandExecutor.java:193)
	at org.openqa.selenium.remote.service.DriverCommandExecutor.invokeExecute(DriverCommandExecutor.java:183)
	at org.openqa.selenium.remote.service.DriverCommandExecutor.execute(DriverCommandExecutor.java:158)
	at org.openqa.selenium.remote.RemoteWebDriver.execute(RemoteWebDriver.java:543)
	at org.openqa.selenium.remote.RemoteWebElement.execute(RemoteWebElement.java:257)
	at org.openqa.selenium.remote.RemoteWebElement.sendKeys(RemoteWebElement.java:113)
	at jdk.internal.reflect.GeneratedMethodAccessor89.invoke(Unknown Source)
	at java.base/jdk.internal.reflect.DelegatingMethodAccessorImpl.invoke(DelegatingMethodAccessorImpl.java:43)
	at java.base/java.lang.reflect.Method.invoke(Method.java:568)
	at org.openqa.selenium.support.pagefactory.internal.LocatingElementHandler.invoke(LocatingElementHandler.java:52)
	at jdk.proxy2/jdk.proxy2.$Proxy44.sendKeys(Unknown Source)
	at com.pages.DataStructure_Page.InvalidTextBox(DataStructure_Page.java:62)
	at stepDefinition.DataStructure_Step.user_is_entering_invalid_python_code(DataStructure_Step.java:103)
	at ✽.user is entering Invalid Python code(file:///C:/Rama/new%20SRS%20work%20space/DsAlgo_Final/src/test/resources/FeatureFiles/8_Tree.feature:266)
</pre></div></td>
<td>11</td>
<td>runner1.DsAlgoRunner@3ed242a4</td></tr>
<tr>
<td title='runner1.DsAlgoRunner.runScenario()'><b>runScenario</b><br>Test class: runner1.DsAlgoRunner<br>Test method: Runs Cucumber Scenarios<br>Parameters: "Register for new user", "register Page"</td>
<td><div><pre>org.openqa.selenium.NoSuchElementException: no such element: Unable to locate element: {&quot;method&quot;:&quot;link text&quot;,&quot;selector&quot;:&quot;Sign out&quot;}
  (Session info: chrome=112.0.5615.86)
For documentation on this error, please visit: https://selenium.dev/exceptions/#no_such_element
Build info: version: &apos;4.8.3&apos;, revision: &apos;e5e76298c3&apos;
System info: os.name: &apos;Windows 11&apos;, os.arch: &apos;amd64&apos;, os.version: &apos;10.0&apos;, java.version: &apos;17.0.4.1&apos;
Driver info: org.openqa.selenium.chrome.ChromeDriver
Command: [a5f5081a74723eadf51efa2ed55a7846, findElement {using=link text, value=Sign out}]
Capabilities {acceptInsecureCerts: false, browserName: chrome, browserVersion: 112.0.5615.86, chrome: {chromedriverVersion: 112.0.5615.49 (bd2a7bcb881c..., userDataDir: C:\Users\ramas\AppData\Loca...}, goog:chromeOptions: {debuggerAddress: localhost:58192}, networkConnectionEnabled: false, pageLoadStrategy: normal, platformName: WINDOWS, proxy: Proxy(), se:cdp: ws://localhost:58192/devtoo..., se:cdpVersion: 112.0.5615.86, setWindowRect: true, strictFileInteractability: false, timeouts: {implicit: 0, pageLoad: 300000, script: 30000}, unhandledPromptBehavior: dismiss and notify, webauthn:extension:credBlob: true, webauthn:extension:largeBlob: true, webauthn:extension:minPinLength: true, webauthn:extension:prf: true, webauthn:virtualAuthenticators: true}
Session ID: a5f5081a74723eadf51efa2ed55a7846
	at java.base/jdk.internal.reflect.NativeConstructorAccessorImpl.newInstance0(Native Method)
	at java.base/jdk.internal.reflect.NativeConstructorAccessorImpl.newInstance(NativeConstructorAccessorImpl.java:77)
	at java.base/jdk.internal.reflect.DelegatingConstructorAccessorImpl.newInstance(DelegatingConstructorAccessorImpl.java:45)
	at java.base/java.lang.reflect.Constructor.newInstanceWithCaller(Constructor.java:499)
	at java.base/java.lang.reflect.Constructor.newInstance(Constructor.java:480)
	at org.openqa.selenium.remote.codec.w3c.W3CHttpResponseCodec.createException(W3CHttpResponseCodec.java:200)
	at org.openqa.selenium.remote.codec.w3c.W3CHttpResponseCodec.decode(W3CHttpResponseCodec.java:133)
	at org.openqa.selenium.remote.codec.w3c.W3CHttpResponseCodec.decode(W3CHttpResponseCodec.java:53)
	at org.openqa.selenium.remote.HttpCommandExecutor.execute(HttpCommandExecutor.java:193)
	at org.openqa.selenium.remote.service.DriverCommandExecutor.invokeExecute(DriverCommandExecutor.java:183)
	at org.openqa.selenium.remote.service.DriverCommandExecutor.execute(DriverCommandExecutor.java:158)
	at org.openqa.selenium.remote.RemoteWebDriver.execute(RemoteWebDriver.java:543)
	at org.openqa.selenium.remote.ElementLocation$ElementFinder$2.findElement(ElementLocation.java:162)
	at org.openqa.selenium.remote.ElementLocation.findElement(ElementLocation.java:60)
	at org.openqa.selenium.remote.RemoteWebDriver.findElement(RemoteWebDriver.java:352)
	at org.openqa.selenium.remote.RemoteWebDriver.findElement(RemoteWebDriver.java:344)
	at org.openqa.selenium.support.pagefactory.DefaultElementLocator.findElement(DefaultElementLocator.java:70)
	at org.openqa.selenium.support.pagefactory.internal.LocatingElementHandler.invoke(LocatingElementHandler.java:39)
	at jdk.proxy2/jdk.proxy2.$Proxy44.click(Unknown Source)
	at com.pages.Register_Page.signout(Register_Page.java:63)
	at stepDefinition.Register_Step.user_will_signout_from_register_page(Register_Step.java:104)
	at ✽.user will signout from Register page(file:///C:/Rama/new%20SRS%20work%20space/DsAlgo_Final/src/test/resources/FeatureFiles/1_registernewuser.feature:54)
</pre></div><a href='#' onClick='toggleBox("stack-trace257999182", this, "Click to show all stack frames", "Click to hide stack frames")'>Click to show all stack frames</a>
<div class='stack-trace' id='stack-trace257999182'><pre>org.openqa.selenium.NoSuchElementException: no such element: Unable to locate element: {&quot;method&quot;:&quot;link text&quot;,&quot;selector&quot;:&quot;Sign out&quot;}
  (Session info: chrome=112.0.5615.86)
For documentation on this error, please visit: https://selenium.dev/exceptions/#no_such_element
Build info: version: &apos;4.8.3&apos;, revision: &apos;e5e76298c3&apos;
System info: os.name: &apos;Windows 11&apos;, os.arch: &apos;amd64&apos;, os.version: &apos;10.0&apos;, java.version: &apos;17.0.4.1&apos;
Driver info: org.openqa.selenium.chrome.ChromeDriver
Command: [a5f5081a74723eadf51efa2ed55a7846, findElement {using=link text, value=Sign out}]
Capabilities {acceptInsecureCerts: false, browserName: chrome, browserVersion: 112.0.5615.86, chrome: {chromedriverVersion: 112.0.5615.49 (bd2a7bcb881c..., userDataDir: C:\Users\ramas\AppData\Loca...}, goog:chromeOptions: {debuggerAddress: localhost:58192}, networkConnectionEnabled: false, pageLoadStrategy: normal, platformName: WINDOWS, proxy: Proxy(), se:cdp: ws://localhost:58192/devtoo..., se:cdpVersion: 112.0.5615.86, setWindowRect: true, strictFileInteractability: false, timeouts: {implicit: 0, pageLoad: 300000, script: 30000}, unhandledPromptBehavior: dismiss and notify, webauthn:extension:credBlob: true, webauthn:extension:largeBlob: true, webauthn:extension:minPinLength: true, webauthn:extension:prf: true, webauthn:virtualAuthenticators: true}
Session ID: a5f5081a74723eadf51efa2ed55a7846
	at java.base/jdk.internal.reflect.NativeConstructorAccessorImpl.newInstance0(Native Method)
	at java.base/jdk.internal.reflect.NativeConstructorAccessorImpl.newInstance(NativeConstructorAccessorImpl.java:77)
	at java.base/jdk.internal.reflect.DelegatingConstructorAccessorImpl.newInstance(DelegatingConstructorAccessorImpl.java:45)
	at java.base/java.lang.reflect.Constructor.newInstanceWithCaller(Constructor.java:499)
	at java.base/java.lang.reflect.Constructor.newInstance(Constructor.java:480)
	at org.openqa.selenium.remote.codec.w3c.W3CHttpResponseCodec.createException(W3CHttpResponseCodec.java:200)
	at org.openqa.selenium.remote.codec.w3c.W3CHttpResponseCodec.decode(W3CHttpResponseCodec.java:133)
	at org.openqa.selenium.remote.codec.w3c.W3CHttpResponseCodec.decode(W3CHttpResponseCodec.java:53)
	at org.openqa.selenium.remote.HttpCommandExecutor.execute(HttpCommandExecutor.java:193)
	at org.openqa.selenium.remote.service.DriverCommandExecutor.invokeExecute(DriverCommandExecutor.java:183)
	at org.openqa.selenium.remote.service.DriverCommandExecutor.execute(DriverCommandExecutor.java:158)
	at org.openqa.selenium.remote.RemoteWebDriver.execute(RemoteWebDriver.java:543)
	at org.openqa.selenium.remote.ElementLocation$ElementFinder$2.findElement(ElementLocation.java:162)
	at org.openqa.selenium.remote.ElementLocation.findElement(ElementLocation.java:60)
	at org.openqa.selenium.remote.RemoteWebDriver.findElement(RemoteWebDriver.java:352)
	at org.openqa.selenium.remote.RemoteWebDriver.findElement(RemoteWebDriver.java:344)
	at org.openqa.selenium.support.pagefactory.DefaultElementLocator.findElement(DefaultElementLocator.java:70)
	at org.openqa.selenium.support.pagefactory.internal.LocatingElementHandler.invoke(LocatingElementHandler.java:39)
	at jdk.proxy2/jdk.proxy2.$Proxy44.click(Unknown Source)
	at com.pages.Register_Page.signout(Register_Page.java:63)
	at stepDefinition.Register_Step.user_will_signout_from_register_page(Register_Step.java:104)
	at ✽.user will signout from Register page(file:///C:/Rama/new%20SRS%20work%20space/DsAlgo_Final/src/test/resources/FeatureFiles/1_registernewuser.feature:54)
</pre></div></td>
<td>14</td>
<td>runner1.DsAlgoRunner@3ed242a4</td></tr>
<tr>
<td title='runner1.DsAlgoRunner.runScenario()'><b>runScenario</b><br>Test class: runner1.DsAlgoRunner<br>Test method: Runs Cucumber Scenarios<br>Parameters: "user navigates to Implimentation of Binary Trees", "Tree Module"</td>
<td><div><pre>org.openqa.selenium.NoSuchElementException: no such element: Unable to locate element: {&quot;method&quot;:&quot;link text&quot;,&quot;selector&quot;:&quot;Implementation of Binary Trees&quot;}
  (Session info: chrome=112.0.5615.86)
For documentation on this error, please visit: https://selenium.dev/exceptions/#no_such_element
Build info: version: &apos;4.8.3&apos;, revision: &apos;e5e76298c3&apos;
System info: os.name: &apos;Windows 11&apos;, os.arch: &apos;amd64&apos;, os.version: &apos;10.0&apos;, java.version: &apos;17.0.4.1&apos;
Driver info: org.openqa.selenium.chrome.ChromeDriver
Command: [a5f5081a74723eadf51efa2ed55a7846, findElement {using=link text, value=Implementation of Binary Trees}]
Capabilities {acceptInsecureCerts: false, browserName: chrome, browserVersion: 112.0.5615.86, chrome: {chromedriverVersion: 112.0.5615.49 (bd2a7bcb881c..., userDataDir: C:\Users\ramas\AppData\Loca...}, goog:chromeOptions: {debuggerAddress: localhost:58192}, networkConnectionEnabled: false, pageLoadStrategy: normal, platformName: WINDOWS, proxy: Proxy(), se:cdp: ws://localhost:58192/devtoo..., se:cdpVersion: 112.0.5615.86, setWindowRect: true, strictFileInteractability: false, timeouts: {implicit: 0, pageLoad: 300000, script: 30000}, unhandledPromptBehavior: dismiss and notify, webauthn:extension:credBlob: true, webauthn:extension:largeBlob: true, webauthn:extension:minPinLength: true, webauthn:extension:prf: true, webauthn:virtualAuthenticators: true}
Session ID: a5f5081a74723eadf51efa2ed55a7846
	at java.base/jdk.internal.reflect.NativeConstructorAccessorImpl.newInstance0(Native Method)
	at java.base/jdk.internal.reflect.NativeConstructorAccessorImpl.newInstance(NativeConstructorAccessorImpl.java:77)
	at java.base/jdk.internal.reflect.DelegatingConstructorAccessorImpl.newInstance(DelegatingConstructorAccessorImpl.java:45)
	at java.base/java.lang.reflect.Constructor.newInstanceWithCaller(Constructor.java:499)
	at java.base/java.lang.reflect.Constructor.newInstance(Constructor.java:480)
	at org.openqa.selenium.remote.codec.w3c.W3CHttpResponseCodec.createException(W3CHttpResponseCodec.java:200)
	at org.openqa.selenium.remote.codec.w3c.W3CHttpResponseCodec.decode(W3CHttpResponseCodec.java:133)
	at org.openqa.selenium.remote.codec.w3c.W3CHttpResponseCodec.decode(W3CHttpResponseCodec.java:53)
	at org.openqa.selenium.remote.HttpCommandExecutor.execute(HttpCommandExecutor.java:193)
	at org.openqa.selenium.remote.service.DriverCommandExecutor.invokeExecute(DriverCommandExecutor.java:183)
	at org.openqa.selenium.remote.service.DriverCommandExecutor.execute(DriverCommandExecutor.java:158)
	at org.openqa.selenium.remote.RemoteWebDriver.execute(RemoteWebDriver.java:543)
	at org.openqa.selenium.remote.ElementLocation$ElementFinder$2.findElement(ElementLocation.java:162)
	at org.openqa.selenium.remote.ElementLocation.findElement(ElementLocation.java:60)
	at org.openqa.selenium.remote.RemoteWebDriver.findElement(RemoteWebDriver.java:352)
	at org.openqa.selenium.remote.RemoteWebDriver.findElement(RemoteWebDriver.java:344)
	at org.openqa.selenium.support.pagefactory.DefaultElementLocator.findElement(DefaultElementLocator.java:70)
	at org.openqa.selenium.support.pagefactory.internal.LocatingElementHandler.invoke(LocatingElementHandler.java:39)
	at jdk.proxy2/jdk.proxy2.$Proxy44.click(Unknown Source)
	at com.pages.Tree_Page.ImplementationofBinaryTrees(Tree_Page.java:148)
	at stepDefinition.Tree_Step.user_clicks_on_implimentation_of_binary_trees(Tree_Step.java:218)
	at ✽.user clicks on Implimentation of Binary Trees(file:///C:/Rama/new%20SRS%20work%20space/DsAlgo_Final/src/test/resources/FeatureFiles/8_Tree.feature:277)
</pre></div><a href='#' onClick='toggleBox("stack-trace757503912", this, "Click to show all stack frames", "Click to hide stack frames")'>Click to show all stack frames</a>
<div class='stack-trace' id='stack-trace757503912'><pre>org.openqa.selenium.NoSuchElementException: no such element: Unable to locate element: {&quot;method&quot;:&quot;link text&quot;,&quot;selector&quot;:&quot;Implementation of Binary Trees&quot;}
  (Session info: chrome=112.0.5615.86)
For documentation on this error, please visit: https://selenium.dev/exceptions/#no_such_element
Build info: version: &apos;4.8.3&apos;, revision: &apos;e5e76298c3&apos;
System info: os.name: &apos;Windows 11&apos;, os.arch: &apos;amd64&apos;, os.version: &apos;10.0&apos;, java.version: &apos;17.0.4.1&apos;
Driver info: org.openqa.selenium.chrome.ChromeDriver
Command: [a5f5081a74723eadf51efa2ed55a7846, findElement {using=link text, value=Implementation of Binary Trees}]
Capabilities {acceptInsecureCerts: false, browserName: chrome, browserVersion: 112.0.5615.86, chrome: {chromedriverVersion: 112.0.5615.49 (bd2a7bcb881c..., userDataDir: C:\Users\ramas\AppData\Loca...}, goog:chromeOptions: {debuggerAddress: localhost:58192}, networkConnectionEnabled: false, pageLoadStrategy: normal, platformName: WINDOWS, proxy: Proxy(), se:cdp: ws://localhost:58192/devtoo..., se:cdpVersion: 112.0.5615.86, setWindowRect: true, strictFileInteractability: false, timeouts: {implicit: 0, pageLoad: 300000, script: 30000}, unhandledPromptBehavior: dismiss and notify, webauthn:extension:credBlob: true, webauthn:extension:largeBlob: true, webauthn:extension:minPinLength: true, webauthn:extension:prf: true, webauthn:virtualAuthenticators: true}
Session ID: a5f5081a74723eadf51efa2ed55a7846
	at java.base/jdk.internal.reflect.NativeConstructorAccessorImpl.newInstance0(Native Method)
	at java.base/jdk.internal.reflect.NativeConstructorAccessorImpl.newInstance(NativeConstructorAccessorImpl.java:77)
	at java.base/jdk.internal.reflect.DelegatingConstructorAccessorImpl.newInstance(DelegatingConstructorAccessorImpl.java:45)
	at java.base/java.lang.reflect.Constructor.newInstanceWithCaller(Constructor.java:499)
	at java.base/java.lang.reflect.Constructor.newInstance(Constructor.java:480)
	at org.openqa.selenium.remote.codec.w3c.W3CHttpResponseCodec.createException(W3CHttpResponseCodec.java:200)
	at org.openqa.selenium.remote.codec.w3c.W3CHttpResponseCodec.decode(W3CHttpResponseCodec.java:133)
	at org.openqa.selenium.remote.codec.w3c.W3CHttpResponseCodec.decode(W3CHttpResponseCodec.java:53)
	at org.openqa.selenium.remote.HttpCommandExecutor.execute(HttpCommandExecutor.java:193)
	at org.openqa.selenium.remote.service.DriverCommandExecutor.invokeExecute(DriverCommandExecutor.java:183)
	at org.openqa.selenium.remote.service.DriverCommandExecutor.execute(DriverCommandExecutor.java:158)
	at org.openqa.selenium.remote.RemoteWebDriver.execute(RemoteWebDriver.java:543)
	at org.openqa.selenium.remote.ElementLocation$ElementFinder$2.findElement(ElementLocation.java:162)
	at org.openqa.selenium.remote.ElementLocation.findElement(ElementLocation.java:60)
	at org.openqa.selenium.remote.RemoteWebDriver.findElement(RemoteWebDriver.java:352)
	at org.openqa.selenium.remote.RemoteWebDriver.findElement(RemoteWebDriver.java:344)
	at org.openqa.selenium.support.pagefactory.DefaultElementLocator.findElement(DefaultElementLocator.java:70)
	at org.openqa.selenium.support.pagefactory.internal.LocatingElementHandler.invoke(LocatingElementHandler.java:39)
	at jdk.proxy2/jdk.proxy2.$Proxy44.click(Unknown Source)
	at com.pages.Tree_Page.ImplementationofBinaryTrees(Tree_Page.java:148)
	at stepDefinition.Tree_Step.user_clicks_on_implimentation_of_binary_trees(Tree_Step.java:218)
	at ✽.user clicks on Implimentation of Binary Trees(file:///C:/Rama/new%20SRS%20work%20space/DsAlgo_Final/src/test/resources/FeatureFiles/8_Tree.feature:277)
</pre></div></td>
<td>10</td>
<td>runner1.DsAlgoRunner@3ed242a4</td></tr>
</table><p>
<table width='100%' border='1' class='invocation-passed'>
<tr><td colspan='4' align='center'><b>PASSED TESTS</b></td></tr>
<tr><td><b>Test method</b></td>
<td width="30%"><b>Exception</b></td>
<td width="10%"><b>Time (seconds)</b></td>
<td><b>Instance</b></td>
</tr>
<tr>
<td title='runner1.DsAlgoRunner.runScenario()'><b>runScenario</b><br>Test class: runner1.DsAlgoRunner<br>Test method: Runs Cucumber Scenarios<br>Parameters: "user navigates to Traversals-Illustration", "Tree Module"</td>
<td></td>
<td>0</td>
<td>runner1.DsAlgoRunner@3ed242a4</td></tr>
<tr>
<td title='runner1.DsAlgoRunner.runScenario()'><b>runScenario</b><br>Test class: runner1.DsAlgoRunner<br>Test method: Runs Cucumber Scenarios<br>Parameters: "user is trying to click on TryEditor for Invalid data", "DataStructure module"</td>
<td></td>
<td>2</td>
<td>runner1.DsAlgoRunner@3ed242a4</td></tr>
<tr>
<td title='runner1.DsAlgoRunner.runScenario()'><b>runScenario</b><br>Test class: runner1.DsAlgoRunner<br>Test method: Runs Cucumber Scenarios<br>Parameters: "User navigates to DataStructure module", "DataStructure module"</td>
<td></td>
<td>2</td>
<td>runner1.DsAlgoRunner@3ed242a4</td></tr>
<tr>
<td title='runner1.DsAlgoRunner.runScenario()'><b>runScenario</b><br>Test class: runner1.DsAlgoRunner<br>Test method: Runs Cucumber Scenarios<br>Parameters: "Register data", "register Page"</td>
<td></td>
<td>5</td>
<td>runner1.DsAlgoRunner@3ed242a4</td></tr>
<tr>
<td title='runner1.DsAlgoRunner.runScenario()'><b>runScenario</b><br>Test class: runner1.DsAlgoRunner<br>Test method: Runs Cucumber Scenarios<br>Parameters: "user is trying to click Practice Questions", "Tree Module"</td>
<td></td>
<td>6</td>
<td>runner1.DsAlgoRunner@3ed242a4</td></tr>
<tr>
<td title='runner1.DsAlgoRunner.runScenario()'><b>runScenario</b><br>Test class: runner1.DsAlgoRunner<br>Test method: Runs Cucumber Scenarios<br>Parameters: "user is trying to click on TryEditor for Invalid data", "Array Module"</td>
<td></td>
<td>2</td>
<td>runner1.DsAlgoRunner@3ed242a4</td></tr>
<tr>
<td title='runner1.DsAlgoRunner.runScenario()'><b>runScenario</b><br>Test class: runner1.DsAlgoRunner<br>Test method: Runs Cucumber Scenarios<br>Parameters: "user navigated to try editor page", "LinkedList"</td>
<td></td>
<td>0</td>
<td>runner1.DsAlgoRunner@3ed242a4</td></tr>
<tr>
<td title='runner1.DsAlgoRunner.runScenario()'><b>runScenario</b><br>Test class: runner1.DsAlgoRunner<br>Test method: Runs Cucumber Scenarios<br>Parameters: "user is trying to click TryHere button", "Tree Module"</td>
<td></td>
<td>0</td>
<td>runner1.DsAlgoRunner@3ed242a4</td></tr>
<tr>
<td title='runner1.DsAlgoRunner.runScenario()'><b>runScenario</b><br>Test class: runner1.DsAlgoRunner<br>Test method: Runs Cucumber Scenarios<br>Parameters: "user try to click GetStart button without signingIn", "register Page"</td>
<td></td>
<td>11</td>
<td>runner1.DsAlgoRunner@3ed242a4</td></tr>
<tr>
<td title='runner1.DsAlgoRunner.runScenario()'><b>runScenario</b><br>Test class: runner1.DsAlgoRunner<br>Test method: Runs Cucumber Scenarios<br>Parameters: "user is trying to click on TryEditor for Invalid data", "Tree Module"</td>
<td></td>
<td>2</td>
<td>runner1.DsAlgoRunner@3ed242a4</td></tr>
<tr>
<td title='runner1.DsAlgoRunner.runScenario()'><b>runScenario</b><br>Test class: runner1.DsAlgoRunner<br>Test method: Runs Cucumber Scenarios<br>Parameters: "user is redirected to sign in page", "SignIn Page"</td>
<td></td>
<td>4</td>
<td>runner1.DsAlgoRunner@3ed242a4</td></tr>
<tr>
<td title='runner1.DsAlgoRunner.runScenario()'><b>runScenario</b><br>Test class: runner1.DsAlgoRunner<br>Test method: Runs Cucumber Scenarios<br>Parameters: "user navigates to Binary Tree Traversals", "Tree Module"</td>
<td></td>
<td>0</td>
<td>runner1.DsAlgoRunner@3ed242a4</td></tr>
<tr>
<td title='runner1.DsAlgoRunner.runScenario()'><b>runScenario</b><br>Test class: runner1.DsAlgoRunner<br>Test method: Runs Cucumber Scenarios<br>Parameters: "user run the code in try editor with valid input for intro page", "LinkedList"</td>
<td></td>
<td>0</td>
<td>runner1.DsAlgoRunner@3ed242a4</td></tr>
<tr>
<td title='runner1.DsAlgoRunner.runScenario()'><b>runScenario</b><br>Test class: runner1.DsAlgoRunner<br>Test method: Runs Cucumber Scenarios<br>Parameters: "user is trying to click TryHere button", "Tree Module"</td>
<td></td>
<td>0</td>
<td>runner1.DsAlgoRunner@3ed242a4</td></tr>
<tr>
<td title='runner1.DsAlgoRunner.runScenario()'><b>runScenario</b><br>Test class: runner1.DsAlgoRunner<br>Test method: Runs Cucumber Scenarios<br>Parameters: "user navigates to Binary Search Trees", "Tree Module"</td>
<td></td>
<td>0</td>
<td>runner1.DsAlgoRunner@3ed242a4</td></tr>
<tr>
<td title='runner1.DsAlgoRunner.runScenario()'><b>runScenario</b><br>Test class: runner1.DsAlgoRunner<br>Test method: Runs Cucumber Scenarios<br>Parameters: "user navigated to Types of linked list page", "LinkedList"</td>
<td></td>
<td>0</td>
<td>runner1.DsAlgoRunner@3ed242a4</td></tr>
<tr>
<td title='runner1.DsAlgoRunner.runScenario()'><b>runScenario</b><br>Test class: runner1.DsAlgoRunner<br>Test method: Runs Cucumber Scenarios<br>Parameters: "user is trying to click on TryEditor for Invalid data", "Array Module"</td>
<td></td>
<td>2</td>
<td>runner1.DsAlgoRunner@3ed242a4</td></tr>
<tr>
<td title='runner1.DsAlgoRunner.runScenario()'><b>runScenario</b><br>Test class: runner1.DsAlgoRunner<br>Test method: Runs Cucumber Scenarios<br>Parameters: "user is trying to click on TryEditor for Invalid data", "Stack module"</td>
<td></td>
<td>2</td>
<td>runner1.DsAlgoRunner@3ed242a4</td></tr>
<tr>
<td title='runner1.DsAlgoRunner.runScenario()'><b>runScenario</b><br>Test class: runner1.DsAlgoRunner<br>Test method: Runs Cucumber Scenarios<br>Parameters: "user navigates to Types of Trees", "Tree Module"</td>
<td></td>
<td>0</td>
<td>runner1.DsAlgoRunner@3ed242a4</td></tr>
<tr>
<td title='runner1.DsAlgoRunner.runScenario()'><b>runScenario</b><br>Test class: runner1.DsAlgoRunner<br>Test method: Runs Cucumber Scenarios<br>Parameters: "User Clicks TryHere", "Graph Module"</td>
<td></td>
<td>0</td>
<td>runner1.DsAlgoRunner@3ed242a4</td></tr>
<tr>
<td title='runner1.DsAlgoRunner.runScenario()'><b>runScenario</b><br>Test class: runner1.DsAlgoRunner<br>Test method: Runs Cucumber Scenarios<br>Parameters: "user is trying to click on TryEditor for Invalid data", "Array Module"</td>
<td></td>
<td>2</td>
<td>runner1.DsAlgoRunner@3ed242a4</td></tr>
<tr>
<td title='runner1.DsAlgoRunner.runScenario()'><b>runScenario</b><br>Test class: runner1.DsAlgoRunner<br>Test method: Runs Cucumber Scenarios<br>Parameters: "user is trying to click TryHere button", "Tree Module"</td>
<td></td>
<td>0</td>
<td>runner1.DsAlgoRunner@3ed242a4</td></tr>
<tr>
<td title='runner1.DsAlgoRunner.runScenario()'><b>runScenario</b><br>Test class: runner1.DsAlgoRunner<br>Test method: Runs Cucumber Scenarios<br>Parameters: "user navigated to try editor page", "LinkedList"</td>
<td></td>
<td>0</td>
<td>runner1.DsAlgoRunner@3ed242a4</td></tr>
<tr>
<td title='runner1.DsAlgoRunner.runScenario()'><b>runScenario</b><br>Test class: runner1.DsAlgoRunner<br>Test method: Runs Cucumber Scenarios<br>Parameters: "User navigates to operations in stack", "Stack module"</td>
<td></td>
<td>0</td>
<td>runner1.DsAlgoRunner@3ed242a4</td></tr>
<tr>
<td title='runner1.DsAlgoRunner.runScenario()'><b>runScenario</b><br>Test class: runner1.DsAlgoRunner<br>Test method: Runs Cucumber Scenarios<br>Parameters: "user is trying to click TryHere button", "Tree Module"</td>
<td></td>
<td>0</td>
<td>runner1.DsAlgoRunner@3ed242a4</td></tr>
<tr>
<td title='runner1.DsAlgoRunner.runScenario()'><b>runScenario</b><br>Test class: runner1.DsAlgoRunner<br>Test method: Runs Cucumber Scenarios<br>Parameters: "user is trying to click TryHere button", "Queue Module"</td>
<td></td>
<td>0</td>
<td>runner1.DsAlgoRunner@3ed242a4</td></tr>
<tr>
<td title='runner1.DsAlgoRunner.runScenario()'><b>runScenario</b><br>Test class: runner1.DsAlgoRunner<br>Test method: Runs Cucumber Scenarios<br>Parameters: "user is trying to click Practice Questions", "Graph Module"</td>
<td></td>
<td>6</td>
<td>runner1.DsAlgoRunner@3ed242a4</td></tr>
<tr>
<td title='runner1.DsAlgoRunner.runScenario()'><b>runScenario</b><br>Test class: runner1.DsAlgoRunner<br>Test method: Runs Cucumber Scenarios<br>Parameters: "user is trying to click TryHere button", "Tree Module"</td>
<td></td>
<td>0</td>
<td>runner1.DsAlgoRunner@3ed242a4</td></tr>
<tr>
<td title='runner1.DsAlgoRunner.runScenario()'><b>runScenario</b><br>Test class: runner1.DsAlgoRunner<br>Test method: Runs Cucumber Scenarios<br>Parameters: "user is trying to click on TryEditor for Invalid data", "Tree Module"</td>
<td></td>
<td>2</td>
<td>runner1.DsAlgoRunner@3ed242a4</td></tr>
<tr>
<td title='runner1.DsAlgoRunner.runScenario()'><b>runScenario</b><br>Test class: runner1.DsAlgoRunner<br>Test method: Runs Cucumber Scenarios<br>Parameters: "user navigated introduction page", "LinkedList"</td>
<td></td>
<td>0</td>
<td>runner1.DsAlgoRunner@3ed242a4</td></tr>
<tr>
<td title='runner1.DsAlgoRunner.runScenario()'><b>runScenario</b><br>Test class: runner1.DsAlgoRunner<br>Test method: Runs Cucumber Scenarios<br>Parameters: "user is trying to click on TryEditor for Invalid data", "Stack module"</td>
<td></td>
<td>2</td>
<td>runner1.DsAlgoRunner@3ed242a4</td></tr>
<tr>
<td title='runner1.DsAlgoRunner.runScenario()'><b>runScenario</b><br>Test class: runner1.DsAlgoRunner<br>Test method: Runs Cucumber Scenarios<br>Parameters: "user navigates to Types of Binary Trees", "Tree Module"</td>
<td></td>
<td>0</td>
<td>runner1.DsAlgoRunner@3ed242a4</td></tr>
<tr>
<td title='runner1.DsAlgoRunner.runScenario()'><b>runScenario</b><br>Test class: runner1.DsAlgoRunner<br>Test method: Runs Cucumber Scenarios<br>Parameters: "user navigates to Overview of Trees", "Tree Module"</td>
<td></td>
<td>0</td>
<td>runner1.DsAlgoRunner@3ed242a4</td></tr>
<tr>
<td title='runner1.DsAlgoRunner.runScenario()'><b>runScenario</b><br>Test class: runner1.DsAlgoRunner<br>Test method: Runs Cucumber Scenarios<br>Parameters: "user is trying to click on TryEditor for Invalid data", "Queue Module"</td>
<td></td>
<td>2</td>
<td>runner1.DsAlgoRunner@3ed242a4</td></tr>
<tr>
<td title='runner1.DsAlgoRunner.runScenario()'><b>runScenario</b><br>Test class: runner1.DsAlgoRunner<br>Test method: Runs Cucumber Scenarios<br>Parameters: "user run the code in try editor with valid input for intro page", "LinkedList"</td>
<td></td>
<td>0</td>
<td>runner1.DsAlgoRunner@3ed242a4</td></tr>
<tr>
<td title='runner1.DsAlgoRunner.runScenario()'><b>runScenario</b><br>Test class: runner1.DsAlgoRunner<br>Test method: Runs Cucumber Scenarios<br>Parameters: "user is trying to click on TryEditor for Invalid data", "Tree Module"</td>
<td></td>
<td>2</td>
<td>runner1.DsAlgoRunner@3ed242a4</td></tr>
<tr>
<td title='runner1.DsAlgoRunner.runScenario()'><b>runScenario</b><br>Test class: runner1.DsAlgoRunner<br>Test method: Runs Cucumber Scenarios<br>Parameters: "user navigates to Terminologies", "Tree Module"</td>
<td></td>
<td>0</td>
<td>runner1.DsAlgoRunner@3ed242a4</td></tr>
<tr>
<td title='runner1.DsAlgoRunner.runScenario()'><b>runScenario</b><br>Test class: runner1.DsAlgoRunner<br>Test method: Runs Cucumber Scenarios<br>Parameters: "user navigates to Binary Trees", "Tree Module"</td>
<td></td>
<td>0</td>
<td>runner1.DsAlgoRunner@3ed242a4</td></tr>
<tr>
<td title='runner1.DsAlgoRunner.runScenario()'><b>runScenario</b><br>Test class: runner1.DsAlgoRunner<br>Test method: Runs Cucumber Scenarios<br>Parameters: "user is trying to click TryHere button", "Queue Module"</td>
<td></td>
<td>0</td>
<td>runner1.DsAlgoRunner@3ed242a4</td></tr>
<tr>
<td title='runner1.DsAlgoRunner.runScenario()'><b>runScenario</b><br>Test class: runner1.DsAlgoRunner<br>Test method: Runs Cucumber Scenarios<br>Parameters: "user navigated to try editor page", "LinkedList"</td>
<td></td>
<td>0</td>
<td>runner1.DsAlgoRunner@3ed242a4</td></tr>
<tr>
<td title='runner1.DsAlgoRunner.runScenario()'><b>runScenario</b><br>Test class: runner1.DsAlgoRunner<br>Test method: Runs Cucumber Scenarios<br>Parameters: "user is trying to click on TryEditor for Invalid data", "Tree Module"</td>
<td></td>
<td>2</td>
<td>runner1.DsAlgoRunner@3ed242a4</td></tr>
<tr>
<td title='runner1.DsAlgoRunner.runScenario()'><b>runScenario</b><br>Test class: runner1.DsAlgoRunner<br>Test method: Runs Cucumber Scenarios<br>Parameters: "user run the code in try editor with valid input for intro page", "LinkedList"</td>
<td></td>
<td>0</td>
<td>runner1.DsAlgoRunner@3ed242a4</td></tr>
<tr>
<td title='runner1.DsAlgoRunner.runScenario()'><b>runScenario</b><br>Test class: runner1.DsAlgoRunner<br>Test method: Runs Cucumber Scenarios<br>Parameters: "user is trying to click Practice Questions", "DataStructure module"</td>
<td></td>
<td>6</td>
<td>runner1.DsAlgoRunner@3ed242a4</td></tr>
<tr>
<td title='runner1.DsAlgoRunner.runScenario()'><b>runScenario</b><br>Test class: runner1.DsAlgoRunner<br>Test method: Runs Cucumber Scenarios<br>Parameters: "Register data", "register Page"</td>
<td></td>
<td>4</td>
<td>runner1.DsAlgoRunner@3ed242a4</td></tr>
<tr>
<td title='runner1.DsAlgoRunner.runScenario()'><b>runScenario</b><br>Test class: runner1.DsAlgoRunner<br>Test method: Runs Cucumber Scenarios<br>Parameters: "Register data", "register Page"</td>
<td></td>
<td>5</td>
<td>runner1.DsAlgoRunner@3ed242a4</td></tr>
<tr>
<td title='runner1.DsAlgoRunner.runScenario()'><b>runScenario</b><br>Test class: runner1.DsAlgoRunner<br>Test method: Runs Cucumber Scenarios<br>Parameters: "user navigates to Implementation Of BST", "Tree Module"</td>
<td></td>
<td>0</td>
<td>runner1.DsAlgoRunner@3ed242a4</td></tr>
<tr>
<td title='runner1.DsAlgoRunner.runScenario()'><b>runScenario</b><br>Test class: runner1.DsAlgoRunner<br>Test method: Runs Cucumber Scenarios<br>Parameters: "user is trying to click TryHere button", "Array Module"</td>
<td></td>
<td>0</td>
<td>runner1.DsAlgoRunner@3ed242a4</td></tr>
<tr>
<td title='runner1.DsAlgoRunner.runScenario()'><b>runScenario</b><br>Test class: runner1.DsAlgoRunner<br>Test method: Runs Cucumber Scenarios<br>Parameters: "user navigated to try editor page", "LinkedList"</td>
<td></td>
<td>0</td>
<td>runner1.DsAlgoRunner@3ed242a4</td></tr>
<tr>
<td title='runner1.DsAlgoRunner.runScenario()'><b>runScenario</b><br>Test class: runner1.DsAlgoRunner<br>Test method: Runs Cucumber Scenarios<br>Parameters: "user is trying to click TryHere button", "Tree Module"</td>
<td></td>
<td>0</td>
<td>runner1.DsAlgoRunner@3ed242a4</td></tr>
<tr>
<td title='runner1.DsAlgoRunner.runScenario()'><b>runScenario</b><br>Test class: runner1.DsAlgoRunner<br>Test method: Runs Cucumber Scenarios<br>Parameters: "user navigated to Types of linked list page", "LinkedList"</td>
<td></td>
<td>0</td>
<td>runner1.DsAlgoRunner@3ed242a4</td></tr>
<tr>
<td title='runner1.DsAlgoRunner.runScenario()'><b>runScenario</b><br>Test class: runner1.DsAlgoRunner<br>Test method: Runs Cucumber Scenarios<br>Parameters: "user navigates to Implementation in Python", "Tree Module"</td>
<td></td>
<td>0</td>
<td>runner1.DsAlgoRunner@3ed242a4</td></tr>
<tr>
<td title='runner1.DsAlgoRunner.runScenario()'><b>runScenario</b><br>Test class: runner1.DsAlgoRunner<br>Test method: Runs Cucumber Scenarios<br>Parameters: "user is trying to click on TryEditor for Invalid data", "Tree Module"</td>
<td></td>
<td>2</td>
<td>runner1.DsAlgoRunner@3ed242a4</td></tr>
<tr>
<td title='runner1.DsAlgoRunner.runScenario()'><b>runScenario</b><br>Test class: runner1.DsAlgoRunner<br>Test method: Runs Cucumber Scenarios<br>Parameters: "user navigated to try editor page", "LinkedList"</td>
<td></td>
<td>0</td>
<td>runner1.DsAlgoRunner@3ed242a4</td></tr>
<tr>
<td title='runner1.DsAlgoRunner.runScenario()'><b>runScenario</b><br>Test class: runner1.DsAlgoRunner<br>Test method: Runs Cucumber Scenarios<br>Parameters: "user is trying to click on TryEditor for Invalid data", "Tree Module"</td>
<td></td>
<td>2</td>
<td>runner1.DsAlgoRunner@3ed242a4</td></tr>
<tr>
<td title='runner1.DsAlgoRunner.runScenario()'><b>runScenario</b><br>Test class: runner1.DsAlgoRunner<br>Test method: Runs Cucumber Scenarios<br>Parameters: "user is trying to click TryHere button", "DataStructure module"</td>
<td></td>
<td>0</td>
<td>runner1.DsAlgoRunner@3ed242a4</td></tr>
<tr>
<td title='runner1.DsAlgoRunner.runScenario()'><b>runScenario</b><br>Test class: runner1.DsAlgoRunner<br>Test method: Runs Cucumber Scenarios<br>Parameters: "user navigates to Implementation using array", "Queue Module"</td>
<td></td>
<td>0</td>
<td>runner1.DsAlgoRunner@3ed242a4</td></tr>
<tr>
<td title='runner1.DsAlgoRunner.runScenario()'><b>runScenario</b><br>Test class: runner1.DsAlgoRunner<br>Test method: Runs Cucumber Scenarios<br>Parameters: "user is trying to click TryHere button", "Tree Module"</td>
<td></td>
<td>0</td>
<td>runner1.DsAlgoRunner@3ed242a4</td></tr>
<tr>
<td title='runner1.DsAlgoRunner.runScenario()'><b>runScenario</b><br>Test class: runner1.DsAlgoRunner<br>Test method: Runs Cucumber Scenarios<br>Parameters: "user is trying to click on TryEditor for Invalid data", "LinkedList"</td>
<td></td>
<td>2</td>
<td>runner1.DsAlgoRunner@3ed242a4</td></tr>
<tr>
<td title='runner1.DsAlgoRunner.runScenario()'><b>runScenario</b><br>Test class: runner1.DsAlgoRunner<br>Test method: Runs Cucumber Scenarios<br>Parameters: "user run the code in try editor with valid input for intro page", "LinkedList"</td>
<td></td>
<td>0</td>
<td>runner1.DsAlgoRunner@3ed242a4</td></tr>
<tr>
<td title='runner1.DsAlgoRunner.runScenario()'><b>runScenario</b><br>Test class: runner1.DsAlgoRunner<br>Test method: Runs Cucumber Scenarios<br>Parameters: "user is trying to click Practice Questions", "Stack module"</td>
<td></td>
<td>6</td>
<td>runner1.DsAlgoRunner@3ed242a4</td></tr>
<tr>
<td title='runner1.DsAlgoRunner.runScenario()'><b>runScenario</b><br>Test class: runner1.DsAlgoRunner<br>Test method: Runs Cucumber Scenarios<br>Parameters: "user navigated to try editor page", "LinkedList"</td>
<td></td>
<td>0</td>
<td>runner1.DsAlgoRunner@3ed242a4</td></tr>
<tr>
<td title='runner1.DsAlgoRunner.runScenario()'><b>runScenario</b><br>Test class: runner1.DsAlgoRunner<br>Test method: Runs Cucumber Scenarios<br>Parameters: "user navigates to Tree Traversals", "Tree Module"</td>
<td></td>
<td>0</td>
<td>runner1.DsAlgoRunner@3ed242a4</td></tr>
<tr>
<td title='runner1.DsAlgoRunner.runScenario()'><b>runScenario</b><br>Test class: runner1.DsAlgoRunner<br>Test method: Runs Cucumber Scenarios<br>Parameters: "user navigates to Arrays Using List", "Array Module"</td>
<td></td>
<td>0</td>
<td>runner1.DsAlgoRunner@3ed242a4</td></tr>
<tr>
<td title='runner1.DsAlgoRunner.runScenario()'><b>runScenario</b><br>Test class: runner1.DsAlgoRunner<br>Test method: Runs Cucumber Scenarios<br>Parameters: "user is trying to click TryHere button", "Tree Module"</td>
<td></td>
<td>0</td>
<td>runner1.DsAlgoRunner@3ed242a4</td></tr>
<tr>
<td title='runner1.DsAlgoRunner.runScenario()'><b>runScenario</b><br>Test class: runner1.DsAlgoRunner<br>Test method: Runs Cucumber Scenarios<br>Parameters: "User Clicks TryHere", "Stack module"</td>
<td></td>
<td>0</td>
<td>runner1.DsAlgoRunner@3ed242a4</td></tr>
<tr>
<td title='runner1.DsAlgoRunner.runScenario()'><b>runScenario</b><br>Test class: runner1.DsAlgoRunner<br>Test method: Runs Cucumber Scenarios<br>Parameters: "user navigates to Implementation using collections", "Queue Module"</td>
<td></td>
<td>0</td>
<td>runner1.DsAlgoRunner@3ed242a4</td></tr>
<tr>
<td title='runner1.DsAlgoRunner.runScenario()'><b>runScenario</b><br>Test class: runner1.DsAlgoRunner<br>Test method: Runs Cucumber Scenarios<br>Parameters: "user is trying to click on TryEditor for Invalid data", "Queue Module"</td>
<td></td>
<td>2</td>
<td>runner1.DsAlgoRunner@3ed242a4</td></tr>
<tr>
<td title='runner1.DsAlgoRunner.runScenario()'><b>runScenario</b><br>Test class: runner1.DsAlgoRunner<br>Test method: Runs Cucumber Scenarios<br>Parameters: "user navigates to Applications of Array", "Array Module"</td>
<td></td>
<td>0</td>
<td>runner1.DsAlgoRunner@3ed242a4</td></tr>
<tr>
<td title='runner1.DsAlgoRunner.runScenario()'><b>runScenario</b><br>Test class: runner1.DsAlgoRunner<br>Test method: Runs Cucumber Scenarios<br>Parameters: "user is trying to click TryHere button", "Tree Module"</td>
<td></td>
<td>0</td>
<td>runner1.DsAlgoRunner@3ed242a4</td></tr>
<tr>
<td title='runner1.DsAlgoRunner.runScenario()'><b>runScenario</b><br>Test class: runner1.DsAlgoRunner<br>Test method: Runs Cucumber Scenarios<br>Parameters: "user is trying to click TryHere button", "Array Module"</td>
<td></td>
<td>0</td>
<td>runner1.DsAlgoRunner@3ed242a4</td></tr>
<tr>
<td title='runner1.DsAlgoRunner.runScenario()'><b>runScenario</b><br>Test class: runner1.DsAlgoRunner<br>Test method: Runs Cucumber Scenarios<br>Parameters: "user navigates to Array Module", "Array Module"</td>
<td></td>
<td>0</td>
<td>runner1.DsAlgoRunner@3ed242a4</td></tr>
<tr>
<td title='runner1.DsAlgoRunner.runScenario()'><b>runScenario</b><br>Test class: runner1.DsAlgoRunner<br>Test method: Runs Cucumber Scenarios<br>Parameters: "User navigates to Graph module", "Graph Module"</td>
<td></td>
<td>0</td>
<td>runner1.DsAlgoRunner@3ed242a4</td></tr>
<tr>
<td title='runner1.DsAlgoRunner.runScenario()'><b>runScenario</b><br>Test class: runner1.DsAlgoRunner<br>Test method: Runs Cucumber Scenarios<br>Parameters: "user is trying to click TryHere button", "Tree Module"</td>
<td></td>
<td>0</td>
<td>runner1.DsAlgoRunner@3ed242a4</td></tr>
<tr>
<td title='runner1.DsAlgoRunner.runScenario()'><b>runScenario</b><br>Test class: runner1.DsAlgoRunner<br>Test method: Runs Cucumber Scenarios<br>Parameters: "user is trying to click on TryEditor for Invalid data", "Stack module"</td>
<td></td>
<td>2</td>
<td>runner1.DsAlgoRunner@3ed242a4</td></tr>
<tr>
<td title='runner1.DsAlgoRunner.runScenario()'><b>runScenario</b><br>Test class: runner1.DsAlgoRunner<br>Test method: Runs Cucumber Scenarios<br>Parameters: "user navigated to creating a linked list page", "LinkedList"</td>
<td></td>
<td>2</td>
<td>runner1.DsAlgoRunner@3ed242a4</td></tr>
<tr>
<td title='runner1.DsAlgoRunner.runScenario()'><b>runScenario</b><br>Test class: runner1.DsAlgoRunner<br>Test method: Runs Cucumber Scenarios<br>Parameters: "user navigates to Implementation of Queue in Python", "Queue Module"</td>
<td></td>
<td>0</td>
<td>runner1.DsAlgoRunner@3ed242a4</td></tr>
<tr>
<td title='runner1.DsAlgoRunner.runScenario()'><b>runScenario</b><br>Test class: runner1.DsAlgoRunner<br>Test method: Runs Cucumber Scenarios<br>Parameters: "user navigates to Queue Operations", "Queue Module"</td>
<td></td>
<td>0</td>
<td>runner1.DsAlgoRunner@3ed242a4</td></tr>
<tr>
<td title='runner1.DsAlgoRunner.runScenario()'><b>runScenario</b><br>Test class: runner1.DsAlgoRunner<br>Test method: Runs Cucumber Scenarios<br>Parameters: "user run the code in try editor with valid input for intro page", "LinkedList"</td>
<td></td>
<td>0</td>
<td>runner1.DsAlgoRunner@3ed242a4</td></tr>
<tr>
<td title='runner1.DsAlgoRunner.runScenario()'><b>runScenario</b><br>Test class: runner1.DsAlgoRunner<br>Test method: Runs Cucumber Scenarios<br>Parameters: "user is trying to click TryHere button", "Array Module"</td>
<td></td>
<td>0</td>
<td>runner1.DsAlgoRunner@3ed242a4</td></tr>
<tr>
<td title='runner1.DsAlgoRunner.runScenario()'><b>runScenario</b><br>Test class: runner1.DsAlgoRunner<br>Test method: Runs Cucumber Scenarios<br>Parameters: "User Clicks TryHere", "Stack module"</td>
<td></td>
<td>0</td>
<td>runner1.DsAlgoRunner@3ed242a4</td></tr>
<tr>
<td title='runner1.DsAlgoRunner.runScenario()'><b>runScenario</b><br>Test class: runner1.DsAlgoRunner<br>Test method: Runs Cucumber Scenarios<br>Parameters: "User clicks on Applications", "Stack module"</td>
<td></td>
<td>0</td>
<td>runner1.DsAlgoRunner@3ed242a4</td></tr>
<tr>
<td title='runner1.DsAlgoRunner.runScenario()'><b>runScenario</b><br>Test class: runner1.DsAlgoRunner<br>Test method: Runs Cucumber Scenarios<br>Parameters: "user is trying to click on TryEditor for Invalid data", "Tree Module"</td>
<td></td>
<td>2</td>
<td>runner1.DsAlgoRunner@3ed242a4</td></tr>
<tr>
<td title='runner1.DsAlgoRunner.runScenario()'><b>runScenario</b><br>Test class: runner1.DsAlgoRunner<br>Test method: Runs Cucumber Scenarios<br>Parameters: "User Clicks TryHere", "Stack module"</td>
<td></td>
<td>0</td>
<td>runner1.DsAlgoRunner@3ed242a4</td></tr>
<tr>
<td title='runner1.DsAlgoRunner.runScenario()'><b>runScenario</b><br>Test class: runner1.DsAlgoRunner<br>Test method: Runs Cucumber Scenarios<br>Parameters: "user navigates to Tree Module", "Tree Module"</td>
<td></td>
<td>0</td>
<td>runner1.DsAlgoRunner@3ed242a4</td></tr>
<tr>
<td title='runner1.DsAlgoRunner.runScenario()'><b>runScenario</b><br>Test class: runner1.DsAlgoRunner<br>Test method: Runs Cucumber Scenarios<br>Parameters: "user run the code in try editor with valid input for intro page", "LinkedList"</td>
<td></td>
<td>0</td>
<td>runner1.DsAlgoRunner@3ed242a4</td></tr>
<tr>
<td title='runner1.DsAlgoRunner.runScenario()'><b>runScenario</b><br>Test class: runner1.DsAlgoRunner<br>Test method: Runs Cucumber Scenarios<br>Parameters: "user is trying to click on TryEditor for Invalid data", "Tree Module"</td>
<td></td>
<td>2</td>
<td>runner1.DsAlgoRunner@3ed242a4</td></tr>
<tr>
<td title='runner1.DsAlgoRunner.runScenario()'><b>runScenario</b><br>Test class: runner1.DsAlgoRunner<br>Test method: Runs Cucumber Scenarios<br>Parameters: "user is trying to click on TryEditor for Invalid data", "Tree Module"</td>
<td></td>
<td>2</td>
<td>runner1.DsAlgoRunner@3ed242a4</td></tr>
<tr>
<td title='runner1.DsAlgoRunner.runScenario()'><b>runScenario</b><br>Test class: runner1.DsAlgoRunner<br>Test method: Runs Cucumber Scenarios<br>Parameters: "user is trying to click TryHere button", "Queue Module"</td>
<td></td>
<td>0</td>
<td>runner1.DsAlgoRunner@3ed242a4</td></tr>
<tr>
<td title='runner1.DsAlgoRunner.runScenario()'><b>runScenario</b><br>Test class: runner1.DsAlgoRunner<br>Test method: Runs Cucumber Scenarios<br>Parameters: "user is trying to click on TryEditor for Invalid data", "Array Module"</td>
<td></td>
<td>2</td>
<td>runner1.DsAlgoRunner@3ed242a4</td></tr>
<tr>
<td title='runner1.DsAlgoRunner.runScenario()'><b>runScenario</b><br>Test class: runner1.DsAlgoRunner<br>Test method: Runs Cucumber Scenarios<br>Parameters: "Register data", "register Page"</td>
<td></td>
<td>5</td>
<td>runner1.DsAlgoRunner@3ed242a4</td></tr>
<tr>
<td title='runner1.DsAlgoRunner.runScenario()'><b>runScenario</b><br>Test class: runner1.DsAlgoRunner<br>Test method: Runs Cucumber Scenarios<br>Parameters: "user is trying to click on TryEditor for Invalid data", "Tree Module"</td>
<td></td>
<td>2</td>
<td>runner1.DsAlgoRunner@3ed242a4</td></tr>
<tr>
<td title='runner1.DsAlgoRunner.runScenario()'><b>runScenario</b><br>Test class: runner1.DsAlgoRunner<br>Test method: Runs Cucumber Scenarios<br>Parameters: "user is trying to click on TryEditor for Invalid data", "Graph Module"</td>
<td></td>
<td>2</td>
<td>runner1.DsAlgoRunner@3ed242a4</td></tr>
<tr>
<td title='runner1.DsAlgoRunner.runScenario()'><b>runScenario</b><br>Test class: runner1.DsAlgoRunner<br>Test method: Runs Cucumber Scenarios<br>Parameters: "user is trying to click on TryEditor for Invalid data", "Tree Module"</td>
<td></td>
<td>2</td>
<td>runner1.DsAlgoRunner@3ed242a4</td></tr>
<tr>
<td title='runner1.DsAlgoRunner.runScenario()'><b>runScenario</b><br>Test class: runner1.DsAlgoRunner<br>Test method: Runs Cucumber Scenarios<br>Parameters: "User navigates to Stack module", "Stack module"</td>
<td></td>
<td>0</td>
<td>runner1.DsAlgoRunner@3ed242a4</td></tr>
<tr>
<td title='runner1.DsAlgoRunner.runScenario()'><b>runScenario</b><br>Test class: runner1.DsAlgoRunner<br>Test method: Runs Cucumber Scenarios<br>Parameters: "user is trying to click Practice Questions", "Queue Module"</td>
<td></td>
<td>6</td>
<td>runner1.DsAlgoRunner@3ed242a4</td></tr>
<tr>
<td title='runner1.DsAlgoRunner.runScenario()'><b>runScenario</b><br>Test class: runner1.DsAlgoRunner<br>Test method: Runs Cucumber Scenarios<br>Parameters: "user is trying to click TryHere button", "Tree Module"</td>
<td></td>
<td>0</td>
<td>runner1.DsAlgoRunner@3ed242a4</td></tr>
<tr>
<td title='runner1.DsAlgoRunner.runScenario()'><b>runScenario</b><br>Test class: runner1.DsAlgoRunner<br>Test method: Runs Cucumber Scenarios<br>Parameters: "user navigated to Types of linked list page", "LinkedList"</td>
<td></td>
<td>0</td>
<td>runner1.DsAlgoRunner@3ed242a4</td></tr>
<tr>
<td title='runner1.DsAlgoRunner.runScenario()'><b>runScenario</b><br>Test class: runner1.DsAlgoRunner<br>Test method: Runs Cucumber Scenarios<br>Parameters: "user navigates to Queue Module", "Queue Module"</td>
<td></td>
<td>0</td>
<td>runner1.DsAlgoRunner@3ed242a4</td></tr>
<tr>
<td title='runner1.DsAlgoRunner.runScenario()'><b>runScenario</b><br>Test class: runner1.DsAlgoRunner<br>Test method: Runs Cucumber Scenarios<br>Parameters: "user is trying to click on TryEditor for Invalid data", "Queue Module"</td>
<td></td>
<td>2</td>
<td>runner1.DsAlgoRunner@3ed242a4</td></tr>
<tr>
<td title='runner1.DsAlgoRunner.runScenario()'><b>runScenario</b><br>Test class: runner1.DsAlgoRunner<br>Test method: Runs Cucumber Scenarios<br>Parameters: "user navigates to Arrays in Python Page", "Array Module"</td>
<td></td>
<td>0</td>
<td>runner1.DsAlgoRunner@3ed242a4</td></tr>
<tr>
<td title='runner1.DsAlgoRunner.runScenario()'><b>runScenario</b><br>Test class: runner1.DsAlgoRunner<br>Test method: Runs Cucumber Scenarios<br>Parameters: "user is trying to click TryHere button", "Tree Module"</td>
<td></td>
<td>0</td>
<td>runner1.DsAlgoRunner@3ed242a4</td></tr>
<tr>
<td title='runner1.DsAlgoRunner.runScenario()'><b>runScenario</b><br>Test class: runner1.DsAlgoRunner<br>Test method: Runs Cucumber Scenarios<br>Parameters: "user navigated to Types of linked list page", "LinkedList"</td>
<td></td>
<td>0</td>
<td>runner1.DsAlgoRunner@3ed242a4</td></tr>
<tr>
<td title='runner1.DsAlgoRunner.runScenario()'><b>runScenario</b><br>Test class: runner1.DsAlgoRunner<br>Test method: Runs Cucumber Scenarios<br>Parameters: "User clicks on Implementation", "Stack module"</td>
<td></td>
<td>0</td>
<td>runner1.DsAlgoRunner@3ed242a4</td></tr>
<tr>
<td title='runner1.DsAlgoRunner.runScenario()'><b>runScenario</b><br>Test class: runner1.DsAlgoRunner<br>Test method: Runs Cucumber Scenarios<br>Parameters: "user is trying to click TryHere button", "Queue Module"</td>
<td></td>
<td>0</td>
<td>runner1.DsAlgoRunner@3ed242a4</td></tr>
<tr>
<td title='runner1.DsAlgoRunner.runScenario()'><b>runScenario</b><br>Test class: runner1.DsAlgoRunner<br>Test method: Runs Cucumber Scenarios<br>Parameters: "user is trying to click on TryEditor for Invalid data", "Queue Module"</td>
<td></td>
<td>2</td>
<td>runner1.DsAlgoRunner@3ed242a4</td></tr>
<tr>
<td title='runner1.DsAlgoRunner.runScenario()'><b>runScenario</b><br>Test class: runner1.DsAlgoRunner<br>Test method: Runs Cucumber Scenarios<br>Parameters: "user is trying to access TimeComplexity", "DataStructure module"</td>
<td></td>
<td>0</td>
<td>runner1.DsAlgoRunner@3ed242a4</td></tr>
<tr>
<td title='runner1.DsAlgoRunner.runScenario()'><b>runScenario</b><br>Test class: runner1.DsAlgoRunner<br>Test method: Runs Cucumber Scenarios<br>Parameters: "user navigates to Basic Operations in Lists", "Array Module"</td>
<td></td>
<td>0</td>
<td>runner1.DsAlgoRunner@3ed242a4</td></tr>
<tr>
<td title='runner1.DsAlgoRunner.runScenario()'><b>runScenario</b><br>Test class: runner1.DsAlgoRunner<br>Test method: Runs Cucumber Scenarios<br>Parameters: "user is trying to click TryHere button", "Array Module"</td>
<td></td>
<td>0</td>
<td>runner1.DsAlgoRunner@3ed242a4</td></tr>
<tr>
<td title='runner1.DsAlgoRunner.runScenario()'><b>runScenario</b><br>Test class: runner1.DsAlgoRunner<br>Test method: Runs Cucumber Scenarios<br>Parameters: "user navigates to Applications of Binary trees", "Tree Module"</td>
<td></td>
<td>0</td>
<td>runner1.DsAlgoRunner@3ed242a4</td></tr>
<tr>
<td title='runner1.DsAlgoRunner.runScenario()'><b>runScenario</b><br>Test class: runner1.DsAlgoRunner<br>Test method: Runs Cucumber Scenarios<br>Parameters: "user is trying to click on TryEditor for Invalid data", "Tree Module"</td>
<td></td>
<td>2</td>
<td>runner1.DsAlgoRunner@3ed242a4</td></tr>
</table><p>
</body>
</html>